   1              		.cpu cortex-m4
   2              		.eabi_attribute 27, 1
   3              		.eabi_attribute 28, 1
   4              		.eabi_attribute 20, 1
   5              		.eabi_attribute 21, 1
   6              		.eabi_attribute 23, 3
   7              		.eabi_attribute 24, 1
   8              		.eabi_attribute 25, 1
   9              		.eabi_attribute 26, 1
  10              		.eabi_attribute 30, 1
  11              		.eabi_attribute 34, 1
  12              		.eabi_attribute 18, 4
  13              		.file	"can_db_tables.c"
  14              		.text
  15              		.global	can_gateway_db_const
  16              		.global	can_bus_db_const
  17              		.global	can_block_db_const
  18              		.global	can_datenpunkt_db_const
  19              		.section	.rodata#,"aw"
  20              		.align	2
  23              	can_gateway_db_const:
  24 0000 0000     		.space	2
  25 0002 0000     		.space	2
  28              	can_bus_db_const:
  29 0004 00       		.byte	0
  30 0005 01       		.byte	1
  31 0006 04       		.byte	4
  32 0007 00       		.byte	0
  33 0008 32353020 		.ascii	"250 kBit\000"
  33      6B426974 
  33      00
  34 0011 0000     		.space	2
  35 0013 03       		.byte	3
  36 0014 0F       		.byte	15
  37 0015 03       		.byte	3
  38 0016 03       		.byte	3
  39 0017 00       		.byte	0
  40 0018 00       		.byte	0
  41 0019 00       		.ascii	"\000"
  42 001a 00000000 		.space	10
  42      00000000 
  42      0000
  43 0024 00       		.byte	0
  44 0025 00       		.byte	0
  45 0026 00       		.byte	0
  46 0027 00       		.byte	0
  47 0028 00       		.byte	0
  48 0029 00       		.byte	0
  49 002a 00       		.byte	0
  50 002b 01       		.byte	1
  51 002c 01       		.byte	1
  52 002d 04       		.byte	4
  53 002e 00       		.byte	0
  54 002f 32353020 		.ascii	"250 kBit\000"
  54      6B426974 
  54      00
  55 0038 0000     		.space	2
  56 003a 03       		.byte	3
  57 003b 0F       		.byte	15
  58 003c 03       		.byte	3
  59 003d 03       		.byte	3
  60 003e 00       		.byte	0
  61 003f 00       		.byte	0
  62 0040 00       		.ascii	"\000"
  63 0041 00000000 		.space	10
  63      00000000 
  63      0000
  64 004b 00       		.byte	0
  65 004c 00       		.byte	0
  66 004d 00       		.byte	0
  67 004e 00       		.byte	0
  68 004f 00       		.byte	0
  69 0050 00       		.byte	0
  70 0051 00       		.byte	0
  71 0052 00000000 		.space	39
  71      00000000 
  71      00000000 
  71      00000000 
  71      00000000 
  72 0079 000000   		.space	3
  75              	can_block_db_const:
  76 007c 00       		.byte	0
  77 007d 000000   		.space	3
  78 0080 00010000 		.word	256
  79 0084 00       		.byte	0
  80 0085 000000   		.space	3
  81 0088 F4010000 		.word	500
  82 008c 32000000 		.word	50
  83 0090 08       		.byte	8
  84 0091 01       		.byte	1
  85 0092 17       		.byte	23
  86 0093 00       		.space	1
  87 0094 00000000 		.word	0
  88 0098 00       		.byte	0
  89 0099 00       		.byte	0
  90 009a 00       		.byte	0
  91 009b 00       		.space	1
  92 009c 00       		.byte	0
  93 009d 000000   		.space	3
  94 00a0 01010000 		.word	257
  95 00a4 00       		.byte	0
  96 00a5 000000   		.space	3
  97 00a8 F4010000 		.word	500
  98 00ac 32000000 		.word	50
  99 00b0 08       		.byte	8
 100 00b1 01       		.byte	1
 101 00b2 17       		.byte	23
 102 00b3 00       		.space	1
 103 00b4 00000000 		.word	0
 104 00b8 00       		.byte	0
 105 00b9 00       		.byte	0
 106 00ba 00       		.byte	0
 107 00bb 00       		.space	1
 108 00bc 00       		.byte	0
 109 00bd 000000   		.space	3
 110 00c0 02010000 		.word	258
 111 00c4 00       		.byte	0
 112 00c5 000000   		.space	3
 113 00c8 64000000 		.word	100
 114 00cc 32000000 		.word	50
 115 00d0 08       		.byte	8
 116 00d1 01       		.byte	1
 117 00d2 17       		.byte	23
 118 00d3 00       		.space	1
 119 00d4 00000000 		.word	0
 120 00d8 00       		.byte	0
 121 00d9 00       		.byte	0
 122 00da 00       		.byte	0
 123 00db 00       		.space	1
 124 00dc 00000000 		.space	32
 124      00000000 
 124      00000000 
 124      00000000 
 124      00000000 
 127              	can_datenpunkt_db_const:
 128 00fc 00       		.byte	0
 129 00fd 00       		.space	1
 130 00fe 0000     		.short	0
 131 0100 2000     		.short	32
 132 0102 02       		.byte	2
 133 0103 00       		.byte	0
 134 0104 00       		.byte	0
 135 0105 00       		.space	1
 136 0106 2000     		.short	32
 137 0108 2000     		.short	32
 138 010a 02       		.byte	2
 139 010b 00       		.byte	0
 140 010c 01       		.byte	1
 141 010d 00       		.space	1
 142 010e 0000     		.short	0
 143 0110 2000     		.short	32
 144 0112 02       		.byte	2
 145 0113 00       		.byte	0
 146 0114 02       		.byte	2
 147 0115 00       		.space	1
 148 0116 0000     		.short	0
 149 0118 2000     		.short	32
 150 011a 02       		.byte	2
 151 011b 00       		.byte	0
 152 011c 02       		.byte	2
 153 011d 00       		.space	1
 154 011e 2000     		.short	32
 155 0120 2000     		.short	32
 156 0122 02       		.byte	2
 157 0123 00       		.byte	0
 158 0124 00000000 		.space	8
 158      00000000 
 159              		.ident	"GCC: (GNU Tools for Arm Embedded Processors 8-2019-q3-update) 8.3.1 20190703 (release) [gc
