   1              		.cpu cortex-m4
   2              		.eabi_attribute 27, 1
   3              		.eabi_attribute 28, 1
   4              		.eabi_attribute 20, 1
   5              		.eabi_attribute 21, 1
   6              		.eabi_attribute 23, 3
   7              		.eabi_attribute 24, 1
   8              		.eabi_attribute 25, 1
   9              		.eabi_attribute 26, 1
  10              		.eabi_attribute 30, 1
  11              		.eabi_attribute 34, 1
  12              		.eabi_attribute 18, 4
  13              		.file	"io_tables.c"
  14              		.text
  15              		.global	struct_ftm_config_tbl
  16              		.global	adc_config_tbl
  17              		.global	virtual_pin
  18              		.global	g_pin_mux_InitConfigArr
  19              		.section	.data.g_pin_mux_InitConfigArr,"aw"
  20              		.align	2
  23              	g_pin_mux_InitConfigArr:
  24 0000 00900440 		.word	1074040832
  25 0004 00000000 		.word	0
  26 0008 00       		.byte	0
  27 0009 00       		.byte	0
  28 000a 00       		.byte	0
  29 000b 00       		.byte	0
  30 000c 00       		.byte	0
  31 000d 00       		.byte	0
  32 000e 00       		.byte	0
  33 000f 00       		.space	1
  34 0010 00F00F40 		.word	1074786304
  35 0014 03       		.byte	3
  36 0015 000000   		.space	3
  37 0018 00900440 		.word	1074040832
  38 001c 01000000 		.word	1
  39 0020 00       		.byte	0
  40 0021 00       		.byte	0
  41 0022 00       		.byte	0
  42 0023 01       		.byte	1
  43 0024 00       		.byte	0
  44 0025 00       		.byte	0
  45 0026 00       		.byte	0
  46 0027 00       		.space	1
  47 0028 00F00F40 		.word	1074786304
  48 002c 01       		.byte	1
  49 002d 000000   		.space	3
  50 0030 00900440 		.word	1074040832
  51 0034 02000000 		.word	2
  52 0038 00       		.byte	0
  53 0039 00       		.byte	0
  54 003a 00       		.byte	0
  55 003b 03       		.byte	3
  56 003c 00       		.byte	0
  57 003d 00       		.byte	0
  58 003e 00       		.byte	0
  59 003f 00       		.space	1
  60 0040 00F00F40 		.word	1074786304
  61 0044 01       		.byte	1
  62 0045 000000   		.space	3
  63 0048 00900440 		.word	1074040832
  64 004c 03000000 		.word	3
  65 0050 00       		.byte	0
  66 0051 00       		.byte	0
  67 0052 00       		.byte	0
  68 0053 03       		.byte	3
  69 0054 00       		.byte	0
  70 0055 00       		.byte	0
  71 0056 00       		.byte	0
  72 0057 00       		.space	1
  73 0058 00F00F40 		.word	1074786304
  74 005c 01       		.byte	1
  75 005d 000000   		.space	3
  76 0060 00900440 		.word	1074040832
  77 0064 06000000 		.word	6
  78 0068 00       		.byte	0
  79 0069 00       		.byte	0
  80 006a 00       		.byte	0
  81 006b 00       		.byte	0
  82 006c 00       		.byte	0
  83 006d 00       		.byte	0
  84 006e 00       		.byte	0
  85 006f 00       		.space	1
  86 0070 00F00F40 		.word	1074786304
  87 0074 03       		.byte	3
  88 0075 000000   		.space	3
  89 0078 00900440 		.word	1074040832
  90 007c 07000000 		.word	7
  91 0080 00       		.byte	0
  92 0081 00       		.byte	0
  93 0082 00       		.byte	0
  94 0083 00       		.byte	0
  95 0084 00       		.byte	0
  96 0085 00       		.byte	0
  97 0086 00       		.byte	0
  98 0087 00       		.space	1
  99 0088 00F00F40 		.word	1074786304
 100 008c 03       		.byte	3
 101 008d 000000   		.space	3
 102 0090 00900440 		.word	1074040832
 103 0094 08000000 		.word	8
 104 0098 00       		.byte	0
 105 0099 00       		.byte	0
 106 009a 00       		.byte	0
 107 009b 01       		.byte	1
 108 009c 00       		.byte	0
 109 009d 00       		.byte	0
 110 009e 00       		.byte	0
 111 009f 00       		.space	1
 112 00a0 00F00F40 		.word	1074786304
 113 00a4 01       		.byte	1
 114 00a5 000000   		.space	3
 115 00a8 00900440 		.word	1074040832
 116 00ac 09000000 		.word	9
 117 00b0 00       		.byte	0
 118 00b1 00       		.byte	0
 119 00b2 00       		.byte	0
 120 00b3 01       		.byte	1
 121 00b4 00       		.byte	0
 122 00b5 00       		.byte	0
 123 00b6 00       		.byte	0
 124 00b7 00       		.space	1
 125 00b8 00F00F40 		.word	1074786304
 126 00bc 01       		.byte	1
 127 00bd 000000   		.space	3
 128 00c0 00900440 		.word	1074040832
 129 00c4 0B000000 		.word	11
 130 00c8 00       		.byte	0
 131 00c9 00       		.byte	0
 132 00ca 00       		.byte	0
 133 00cb 01       		.byte	1
 134 00cc 00       		.byte	0
 135 00cd 00       		.byte	0
 136 00ce 00       		.byte	0
 137 00cf 00       		.space	1
 138 00d0 00F00F40 		.word	1074786304
 139 00d4 01       		.byte	1
 140 00d5 000000   		.space	3
 141 00d8 00900440 		.word	1074040832
 142 00dc 0C000000 		.word	12
 143 00e0 00       		.byte	0
 144 00e1 00       		.byte	0
 145 00e2 00       		.byte	0
 146 00e3 02       		.byte	2
 147 00e4 00       		.byte	0
 148 00e5 00       		.byte	0
 149 00e6 00       		.byte	0
 150 00e7 00       		.space	1
 151 00e8 00F00F40 		.word	1074786304
 152 00ec 00       		.byte	0
 153 00ed 000000   		.space	3
 154 00f0 00900440 		.word	1074040832
 155 00f4 0D000000 		.word	13
 156 00f8 00       		.byte	0
 157 00f9 00       		.byte	0
 158 00fa 00       		.byte	0
 159 00fb 02       		.byte	2
 160 00fc 00       		.byte	0
 161 00fd 00       		.byte	0
 162 00fe 00       		.byte	0
 163 00ff 00       		.space	1
 164 0100 00F00F40 		.word	1074786304
 165 0104 00       		.byte	0
 166 0105 000000   		.space	3
 167 0108 00900440 		.word	1074040832
 168 010c 0E000000 		.word	14
 169 0110 00       		.byte	0
 170 0111 00       		.byte	0
 171 0112 00       		.byte	0
 172 0113 01       		.byte	1
 173 0114 00       		.byte	0
 174 0115 00       		.byte	0
 175 0116 00       		.byte	0
 176 0117 00       		.space	1
 177 0118 00F00F40 		.word	1074786304
 178 011c 01       		.byte	1
 179 011d 000000   		.space	3
 180 0120 00900440 		.word	1074040832
 181 0124 0F000000 		.word	15
 182 0128 00       		.byte	0
 183 0129 00       		.byte	0
 184 012a 00       		.byte	0
 185 012b 00       		.byte	0
 186 012c 00       		.byte	0
 187 012d 00       		.byte	0
 188 012e 00       		.byte	0
 189 012f 00       		.space	1
 190 0130 00F00F40 		.word	1074786304
 191 0134 03       		.byte	3
 192 0135 000000   		.space	3
 193 0138 00900440 		.word	1074040832
 194 013c 10000000 		.word	16
 195 0140 00       		.byte	0
 196 0141 00       		.byte	0
 197 0142 00       		.byte	0
 198 0143 00       		.byte	0
 199 0144 00       		.byte	0
 200 0145 00       		.byte	0
 201 0146 00       		.byte	0
 202 0147 00       		.space	1
 203 0148 00F00F40 		.word	1074786304
 204 014c 03       		.byte	3
 205 014d 000000   		.space	3
 206 0150 00900440 		.word	1074040832
 207 0154 11000000 		.word	17
 208 0158 00       		.byte	0
 209 0159 00       		.byte	0
 210 015a 00       		.byte	0
 211 015b 01       		.byte	1
 212 015c 00       		.byte	0
 213 015d 00       		.byte	0
 214 015e 00       		.byte	0
 215 015f 00       		.space	1
 216 0160 00F00F40 		.word	1074786304
 217 0164 01       		.byte	1
 218 0165 000000   		.space	3
 219 0168 00900440 		.word	1074040832
 220 016c 19000000 		.word	25
 221 0170 00       		.byte	0
 222 0171 00       		.byte	0
 223 0172 00       		.byte	0
 224 0173 02       		.byte	2
 225 0174 00       		.byte	0
 226 0175 00       		.byte	0
 227 0176 00       		.byte	0
 228 0177 00       		.space	1
 229 0178 00F00F40 		.word	1074786304
 230 017c 01       		.byte	1
 231 017d 000000   		.space	3
 232 0180 00900440 		.word	1074040832
 233 0184 1A000000 		.word	26
 234 0188 00       		.byte	0
 235 0189 00       		.byte	0
 236 018a 00       		.byte	0
 237 018b 02       		.byte	2
 238 018c 00       		.byte	0
 239 018d 00       		.byte	0
 240 018e 00       		.byte	0
 241 018f 00       		.space	1
 242 0190 00F00F40 		.word	1074786304
 243 0194 01       		.byte	1
 244 0195 000000   		.space	3
 245 0198 00900440 		.word	1074040832
 246 019c 1B000000 		.word	27
 247 01a0 00       		.byte	0
 248 01a1 00       		.byte	0
 249 01a2 00       		.byte	0
 250 01a3 02       		.byte	2
 251 01a4 00       		.byte	0
 252 01a5 00       		.byte	0
 253 01a6 00       		.byte	0
 254 01a7 00       		.space	1
 255 01a8 00F00F40 		.word	1074786304
 256 01ac 01       		.byte	1
 257 01ad 000000   		.space	3
 258 01b0 00900440 		.word	1074040832
 259 01b4 1C000000 		.word	28
 260 01b8 00       		.byte	0
 261 01b9 00       		.byte	0
 262 01ba 00       		.byte	0
 263 01bb 02       		.byte	2
 264 01bc 00       		.byte	0
 265 01bd 00       		.byte	0
 266 01be 00       		.byte	0
 267 01bf 00       		.space	1
 268 01c0 00F00F40 		.word	1074786304
 269 01c4 01       		.byte	1
 270 01c5 000000   		.space	3
 271 01c8 00900440 		.word	1074040832
 272 01cc 1D000000 		.word	29
 273 01d0 00       		.byte	0
 274 01d1 00       		.byte	0
 275 01d2 00       		.byte	0
 276 01d3 01       		.byte	1
 277 01d4 00       		.byte	0
 278 01d5 00       		.byte	0
 279 01d6 00       		.byte	0
 280 01d7 00       		.space	1
 281 01d8 00F00F40 		.word	1074786304
 282 01dc 01       		.byte	1
 283 01dd 000000   		.space	3
 284 01e0 00900440 		.word	1074040832
 285 01e4 1E000000 		.word	30
 286 01e8 00       		.byte	0
 287 01e9 00       		.byte	0
 288 01ea 00       		.byte	0
 289 01eb 01       		.byte	1
 290 01ec 00       		.byte	0
 291 01ed 00       		.byte	0
 292 01ee 00       		.byte	0
 293 01ef 00       		.space	1
 294 01f0 00F00F40 		.word	1074786304
 295 01f4 01       		.byte	1
 296 01f5 000000   		.space	3
 297 01f8 00900440 		.word	1074040832
 298 01fc 1F000000 		.word	31
 299 0200 00       		.byte	0
 300 0201 00       		.byte	0
 301 0202 00       		.byte	0
 302 0203 01       		.byte	1
 303 0204 00       		.byte	0
 304 0205 00       		.byte	0
 305 0206 00       		.byte	0
 306 0207 00       		.space	1
 307 0208 00F00F40 		.word	1074786304
 308 020c 01       		.byte	1
 309 020d 000000   		.space	3
 310 0210 00A00440 		.word	1074044928
 311 0214 00000000 		.word	0
 312 0218 00       		.byte	0
 313 0219 00       		.byte	0
 314 021a 00       		.byte	0
 315 021b 02       		.byte	2
 316 021c 00       		.byte	0
 317 021d 00       		.byte	0
 318 021e 00       		.byte	0
 319 021f 00       		.space	1
 320 0220 40F00F40 		.word	1074786368
 321 0224 00       		.byte	0
 322 0225 000000   		.space	3
 323 0228 00A00440 		.word	1074044928
 324 022c 01000000 		.word	1
 325 0230 00       		.byte	0
 326 0231 00       		.byte	0
 327 0232 00       		.byte	0
 328 0233 02       		.byte	2
 329 0234 00       		.byte	0
 330 0235 00       		.byte	0
 331 0236 00       		.byte	0
 332 0237 00       		.space	1
 333 0238 40F00F40 		.word	1074786368
 334 023c 01       		.byte	1
 335 023d 000000   		.space	3
 336 0240 00A00440 		.word	1074044928
 337 0244 02000000 		.word	2
 338 0248 00       		.byte	0
 339 0249 00       		.byte	0
 340 024a 00       		.byte	0
 341 024b 02       		.byte	2
 342 024c 00       		.byte	0
 343 024d 00       		.byte	0
 344 024e 00       		.byte	0
 345 024f 00       		.space	1
 346 0250 40F00F40 		.word	1074786368
 347 0254 00       		.byte	0
 348 0255 000000   		.space	3
 349 0258 00A00440 		.word	1074044928
 350 025c 03000000 		.word	3
 351 0260 00       		.byte	0
 352 0261 00       		.byte	0
 353 0262 00       		.byte	0
 354 0263 02       		.byte	2
 355 0264 00       		.byte	0
 356 0265 00       		.byte	0
 357 0266 00       		.byte	0
 358 0267 00       		.space	1
 359 0268 40F00F40 		.word	1074786368
 360 026c 00       		.byte	0
 361 026d 000000   		.space	3
 362 0270 00A00440 		.word	1074044928
 363 0274 04000000 		.word	4
 364 0278 00       		.byte	0
 365 0279 00       		.byte	0
 366 027a 00       		.byte	0
 367 027b 02       		.byte	2
 368 027c 00       		.byte	0
 369 027d 00       		.byte	0
 370 027e 00       		.byte	0
 371 027f 00       		.space	1
 372 0280 40F00F40 		.word	1074786368
 373 0284 01       		.byte	1
 374 0285 000000   		.space	3
 375 0288 00A00440 		.word	1074044928
 376 028c 05000000 		.word	5
 377 0290 00       		.byte	0
 378 0291 00       		.byte	0
 379 0292 00       		.byte	0
 380 0293 02       		.byte	2
 381 0294 00       		.byte	0
 382 0295 00       		.byte	0
 383 0296 00       		.byte	0
 384 0297 00       		.space	1
 385 0298 40F00F40 		.word	1074786368
 386 029c 01       		.byte	1
 387 029d 000000   		.space	3
 388 02a0 00A00440 		.word	1074044928
 389 02a4 06000000 		.word	6
 390 02a8 00       		.byte	0
 391 02a9 00       		.byte	0
 392 02aa 00       		.byte	0
 393 02ab 00       		.byte	0
 394 02ac 00       		.byte	0
 395 02ad 00       		.byte	0
 396 02ae 00       		.byte	0
 397 02af 00       		.space	1
 398 02b0 00000000 		.word	0
 399 02b4 03       		.byte	3
 400 02b5 000000   		.space	3
 401 02b8 00A00440 		.word	1074044928
 402 02bc 07000000 		.word	7
 403 02c0 00       		.byte	0
 404 02c1 00       		.byte	0
 405 02c2 00       		.byte	0
 406 02c3 00       		.byte	0
 407 02c4 00       		.byte	0
 408 02c5 00       		.byte	0
 409 02c6 00       		.byte	0
 410 02c7 00       		.space	1
 411 02c8 00000000 		.word	0
 412 02cc 03       		.byte	3
 413 02cd 000000   		.space	3
 414 02d0 00A00440 		.word	1074044928
 415 02d4 08000000 		.word	8
 416 02d8 00       		.byte	0
 417 02d9 00       		.byte	0
 418 02da 00       		.byte	0
 419 02db 01       		.byte	1
 420 02dc 00       		.byte	0
 421 02dd 00       		.byte	0
 422 02de 00       		.byte	0
 423 02df 00       		.space	1
 424 02e0 40F00F40 		.word	1074786368
 425 02e4 01       		.byte	1
 426 02e5 000000   		.space	3
 427 02e8 00A00440 		.word	1074044928
 428 02ec 09000000 		.word	9
 429 02f0 00       		.byte	0
 430 02f1 00       		.byte	0
 431 02f2 00       		.byte	0
 432 02f3 02       		.byte	2
 433 02f4 00       		.byte	0
 434 02f5 00       		.byte	0
 435 02f6 00       		.byte	0
 436 02f7 00       		.space	1
 437 02f8 40F00F40 		.word	1074786368
 438 02fc 01       		.byte	1
 439 02fd 000000   		.space	3
 440 0300 00A00440 		.word	1074044928
 441 0304 0A000000 		.word	10
 442 0308 00       		.byte	0
 443 0309 00       		.byte	0
 444 030a 00       		.byte	0
 445 030b 02       		.byte	2
 446 030c 00       		.byte	0
 447 030d 00       		.byte	0
 448 030e 00       		.byte	0
 449 030f 00       		.space	1
 450 0310 40F00F40 		.word	1074786368
 451 0314 01       		.byte	1
 452 0315 000000   		.space	3
 453 0318 00A00440 		.word	1074044928
 454 031c 0B000000 		.word	11
 455 0320 00       		.byte	0
 456 0321 00       		.byte	0
 457 0322 00       		.byte	0
 458 0323 02       		.byte	2
 459 0324 00       		.byte	0
 460 0325 00       		.byte	0
 461 0326 00       		.byte	0
 462 0327 00       		.space	1
 463 0328 40F00F40 		.word	1074786368
 464 032c 01       		.byte	1
 465 032d 000000   		.space	3
 466 0330 00A00440 		.word	1074044928
 467 0334 0C000000 		.word	12
 468 0338 00       		.byte	0
 469 0339 00       		.byte	0
 470 033a 00       		.byte	0
 471 033b 04       		.byte	4
 472 033c 00       		.byte	0
 473 033d 00       		.byte	0
 474 033e 00       		.byte	0
 475 033f 00       		.space	1
 476 0340 40F00F40 		.word	1074786368
 477 0344 00       		.byte	0
 478 0345 000000   		.space	3
 479 0348 00A00440 		.word	1074044928
 480 034c 0D000000 		.word	13
 481 0350 00       		.byte	0
 482 0351 00       		.byte	0
 483 0352 00       		.byte	0
 484 0353 04       		.byte	4
 485 0354 00       		.byte	0
 486 0355 00       		.byte	0
 487 0356 00       		.byte	0
 488 0357 00       		.space	1
 489 0358 40F00F40 		.word	1074786368
 490 035c 01       		.byte	1
 491 035d 000000   		.space	3
 492 0360 00A00440 		.word	1074044928
 493 0364 0E000000 		.word	14
 494 0368 00       		.byte	0
 495 0369 00       		.byte	0
 496 036a 00       		.byte	0
 497 036b 00       		.byte	0
 498 036c 00       		.byte	0
 499 036d 00       		.byte	0
 500 036e 00       		.byte	0
 501 036f 00       		.space	1
 502 0370 40F00F40 		.word	1074786368
 503 0374 03       		.byte	3
 504 0375 000000   		.space	3
 505 0378 00A00440 		.word	1074044928
 506 037c 0F000000 		.word	15
 507 0380 00       		.byte	0
 508 0381 00       		.byte	0
 509 0382 00       		.byte	0
 510 0383 00       		.byte	0
 511 0384 00       		.byte	0
 512 0385 00       		.byte	0
 513 0386 00       		.byte	0
 514 0387 00       		.space	1
 515 0388 40F00F40 		.word	1074786368
 516 038c 03       		.byte	3
 517 038d 000000   		.space	3
 518 0390 00A00440 		.word	1074044928
 519 0394 10000000 		.word	16
 520 0398 00       		.byte	0
 521 0399 00       		.byte	0
 522 039a 00       		.byte	0
 523 039b 00       		.byte	0
 524 039c 00       		.byte	0
 525 039d 00       		.byte	0
 526 039e 00       		.byte	0
 527 039f 00       		.space	1
 528 03a0 40F00F40 		.word	1074786368
 529 03a4 03       		.byte	3
 530 03a5 000000   		.space	3
 531 03a8 00A00440 		.word	1074044928
 532 03ac 11000000 		.word	17
 533 03b0 00       		.byte	0
 534 03b1 00       		.byte	0
 535 03b2 00       		.byte	0
 536 03b3 01       		.byte	1
 537 03b4 00       		.byte	0
 538 03b5 00       		.byte	0
 539 03b6 00       		.byte	0
 540 03b7 00       		.space	1
 541 03b8 40F00F40 		.word	1074786368
 542 03bc 01       		.byte	1
 543 03bd 000000   		.space	3
 544 03c0 00A00440 		.word	1074044928
 545 03c4 12000000 		.word	18
 546 03c8 00       		.byte	0
 547 03c9 00       		.byte	0
 548 03ca 00       		.byte	0
 549 03cb 02       		.byte	2
 550 03cc 00       		.byte	0
 551 03cd 00       		.byte	0
 552 03ce 00       		.byte	0
 553 03cf 00       		.space	1
 554 03d0 40F00F40 		.word	1074786368
 555 03d4 01       		.byte	1
 556 03d5 000000   		.space	3
 557 03d8 00A00440 		.word	1074044928
 558 03dc 14000000 		.word	20
 559 03e0 00       		.byte	0
 560 03e1 00       		.byte	0
 561 03e2 00       		.byte	0
 562 03e3 00       		.byte	0
 563 03e4 00       		.byte	0
 564 03e5 00       		.byte	0
 565 03e6 00       		.byte	0
 566 03e7 00       		.space	1
 567 03e8 40F00F40 		.word	1074786368
 568 03ec 03       		.byte	3
 569 03ed 000000   		.space	3
 570 03f0 00A00440 		.word	1074044928
 571 03f4 15000000 		.word	21
 572 03f8 00       		.byte	0
 573 03f9 00       		.byte	0
 574 03fa 00       		.byte	0
 575 03fb 00       		.byte	0
 576 03fc 00       		.byte	0
 577 03fd 00       		.byte	0
 578 03fe 00       		.byte	0
 579 03ff 00       		.space	1
 580 0400 40F00F40 		.word	1074786368
 581 0404 03       		.byte	3
 582 0405 000000   		.space	3
 583 0408 00A00440 		.word	1074044928
 584 040c 16000000 		.word	22
 585 0410 00       		.byte	0
 586 0411 00       		.byte	0
 587 0412 00       		.byte	0
 588 0413 00       		.byte	0
 589 0414 00       		.byte	0
 590 0415 00       		.byte	0
 591 0416 00       		.byte	0
 592 0417 00       		.space	1
 593 0418 40F00F40 		.word	1074786368
 594 041c 03       		.byte	3
 595 041d 000000   		.space	3
 596 0420 00A00440 		.word	1074044928
 597 0424 17000000 		.word	23
 598 0428 00       		.byte	0
 599 0429 00       		.byte	0
 600 042a 00       		.byte	0
 601 042b 02       		.byte	2
 602 042c 00       		.byte	0
 603 042d 00       		.byte	0
 604 042e 00       		.byte	0
 605 042f 00       		.space	1
 606 0430 40F00F40 		.word	1074786368
 607 0434 01       		.byte	1
 608 0435 000000   		.space	3
 609 0438 00A00440 		.word	1074044928
 610 043c 19000000 		.word	25
 611 0440 00       		.byte	0
 612 0441 00       		.byte	0
 613 0442 00       		.byte	0
 614 0443 01       		.byte	1
 615 0444 00       		.byte	0
 616 0445 00       		.byte	0
 617 0446 00       		.byte	0
 618 0447 00       		.space	1
 619 0448 40F00F40 		.word	1074786368
 620 044c 01       		.byte	1
 621 044d 000000   		.space	3
 622 0450 00A00440 		.word	1074044928
 623 0454 1B000000 		.word	27
 624 0458 00       		.byte	0
 625 0459 00       		.byte	0
 626 045a 00       		.byte	0
 627 045b 01       		.byte	1
 628 045c 00       		.byte	0
 629 045d 00       		.byte	0
 630 045e 00       		.byte	0
 631 045f 00       		.space	1
 632 0460 40F00F40 		.word	1074786368
 633 0464 01       		.byte	1
 634 0465 000000   		.space	3
 635 0468 00A00440 		.word	1074044928
 636 046c 1C000000 		.word	28
 637 0470 00       		.byte	0
 638 0471 00       		.byte	0
 639 0472 00       		.byte	0
 640 0473 00       		.byte	0
 641 0474 00       		.byte	0
 642 0475 00       		.byte	0
 643 0476 00       		.byte	0
 644 0477 00       		.space	1
 645 0478 40F00F40 		.word	1074786368
 646 047c 03       		.byte	3
 647 047d 000000   		.space	3
 648 0480 00A00440 		.word	1074044928
 649 0484 1D000000 		.word	29
 650 0488 00       		.byte	0
 651 0489 00       		.byte	0
 652 048a 00       		.byte	0
 653 048b 01       		.byte	1
 654 048c 00       		.byte	0
 655 048d 00       		.byte	0
 656 048e 00       		.byte	0
 657 048f 00       		.space	1
 658 0490 40F00F40 		.word	1074786368
 659 0494 01       		.byte	1
 660 0495 000000   		.space	3
 661 0498 00B00440 		.word	1074049024
 662 049c 00000000 		.word	0
 663 04a0 00       		.byte	0
 664 04a1 00       		.byte	0
 665 04a2 00       		.byte	0
 666 04a3 02       		.byte	2
 667 04a4 00       		.byte	0
 668 04a5 00       		.byte	0
 669 04a6 00       		.byte	0
 670 04a7 00       		.space	1
 671 04a8 80F00F40 		.word	1074786432
 672 04ac 01       		.byte	1
 673 04ad 000000   		.space	3
 674 04b0 00B00440 		.word	1074049024
 675 04b4 01000000 		.word	1
 676 04b8 00       		.byte	0
 677 04b9 00       		.byte	0
 678 04ba 00       		.byte	0
 679 04bb 00       		.byte	0
 680 04bc 00       		.byte	0
 681 04bd 00       		.byte	0
 682 04be 00       		.byte	0
 683 04bf 00       		.space	1
 684 04c0 80F00F40 		.word	1074786432
 685 04c4 03       		.byte	3
 686 04c5 000000   		.space	3
 687 04c8 00B00440 		.word	1074049024
 688 04cc 02000000 		.word	2
 689 04d0 00       		.byte	0
 690 04d1 00       		.byte	0
 691 04d2 00       		.byte	0
 692 04d3 00       		.byte	0
 693 04d4 00       		.byte	0
 694 04d5 00       		.byte	0
 695 04d6 00       		.byte	0
 696 04d7 00       		.space	1
 697 04d8 80F00F40 		.word	1074786432
 698 04dc 03       		.byte	3
 699 04dd 000000   		.space	3
 700 04e0 00B00440 		.word	1074049024
 701 04e4 03000000 		.word	3
 702 04e8 00       		.byte	0
 703 04e9 00       		.byte	0
 704 04ea 00       		.byte	0
 705 04eb 00       		.byte	0
 706 04ec 00       		.byte	0
 707 04ed 00       		.byte	0
 708 04ee 00       		.byte	0
 709 04ef 00       		.space	1
 710 04f0 80F00F40 		.word	1074786432
 711 04f4 03       		.byte	3
 712 04f5 000000   		.space	3
 713 04f8 00B00440 		.word	1074049024
 714 04fc 06000000 		.word	6
 715 0500 00       		.byte	0
 716 0501 00       		.byte	0
 717 0502 00       		.byte	0
 718 0503 03       		.byte	3
 719 0504 00       		.byte	0
 720 0505 00       		.byte	0
 721 0506 00       		.byte	0
 722 0507 00       		.space	1
 723 0508 80F00F40 		.word	1074786432
 724 050c 00       		.byte	0
 725 050d 000000   		.space	3
 726 0510 00B00440 		.word	1074049024
 727 0514 07000000 		.word	7
 728 0518 00       		.byte	0
 729 0519 00       		.byte	0
 730 051a 00       		.byte	0
 731 051b 03       		.byte	3
 732 051c 00       		.byte	0
 733 051d 00       		.byte	0
 734 051e 00       		.byte	0
 735 051f 00       		.space	1
 736 0520 80F00F40 		.word	1074786432
 737 0524 01       		.byte	1
 738 0525 000000   		.space	3
 739 0528 00B00440 		.word	1074049024
 740 052c 09000000 		.word	9
 741 0530 00       		.byte	0
 742 0531 00       		.byte	0
 743 0532 00       		.byte	0
 744 0533 01       		.byte	1
 745 0534 00       		.byte	0
 746 0535 00       		.byte	0
 747 0536 00       		.byte	0
 748 0537 00       		.space	1
 749 0538 80F00F40 		.word	1074786432
 750 053c 01       		.byte	1
 751 053d 000000   		.space	3
 752 0540 00B00440 		.word	1074049024
 753 0544 0A000000 		.word	10
 754 0548 00       		.byte	0
 755 0549 00       		.byte	0
 756 054a 00       		.byte	0
 757 054b 02       		.byte	2
 758 054c 00       		.byte	0
 759 054d 00       		.byte	0
 760 054e 00       		.byte	0
 761 054f 00       		.space	1
 762 0550 80F00F40 		.word	1074786432
 763 0554 01       		.byte	1
 764 0555 000000   		.space	3
 765 0558 00B00440 		.word	1074049024
 766 055c 0B000000 		.word	11
 767 0560 00       		.byte	0
 768 0561 00       		.byte	0
 769 0562 00       		.byte	0
 770 0563 02       		.byte	2
 771 0564 00       		.byte	0
 772 0565 00       		.byte	0
 773 0566 00       		.byte	0
 774 0567 00       		.space	1
 775 0568 80F00F40 		.word	1074786432
 776 056c 01       		.byte	1
 777 056d 000000   		.space	3
 778 0570 00B00440 		.word	1074049024
 779 0574 0C000000 		.word	12
 780 0578 00       		.byte	0
 781 0579 00       		.byte	0
 782 057a 00       		.byte	0
 783 057b 01       		.byte	1
 784 057c 00       		.byte	0
 785 057d 00       		.byte	0
 786 057e 00       		.byte	0
 787 057f 00       		.space	1
 788 0580 80F00F40 		.word	1074786432
 789 0584 01       		.byte	1
 790 0585 000000   		.space	3
 791 0588 00B00440 		.word	1074049024
 792 058c 0D000000 		.word	13
 793 0590 00       		.byte	0
 794 0591 00       		.byte	0
 795 0592 00       		.byte	0
 796 0593 02       		.byte	2
 797 0594 00       		.byte	0
 798 0595 00       		.byte	0
 799 0596 00       		.byte	0
 800 0597 00       		.space	1
 801 0598 80F00F40 		.word	1074786432
 802 059c 01       		.byte	1
 803 059d 000000   		.space	3
 804 05a0 00B00440 		.word	1074049024
 805 05a4 0E000000 		.word	14
 806 05a8 00       		.byte	0
 807 05a9 00       		.byte	0
 808 05aa 00       		.byte	0
 809 05ab 00       		.byte	0
 810 05ac 00       		.byte	0
 811 05ad 00       		.byte	0
 812 05ae 00       		.byte	0
 813 05af 00       		.space	1
 814 05b0 80F00F40 		.word	1074786432
 815 05b4 03       		.byte	3
 816 05b5 000000   		.space	3
 817 05b8 00B00440 		.word	1074049024
 818 05bc 0F000000 		.word	15
 819 05c0 00       		.byte	0
 820 05c1 00       		.byte	0
 821 05c2 00       		.byte	0
 822 05c3 00       		.byte	0
 823 05c4 00       		.byte	0
 824 05c5 00       		.byte	0
 825 05c6 00       		.byte	0
 826 05c7 00       		.space	1
 827 05c8 80F00F40 		.word	1074786432
 828 05cc 03       		.byte	3
 829 05cd 000000   		.space	3
 830 05d0 00B00440 		.word	1074049024
 831 05d4 10000000 		.word	16
 832 05d8 00       		.byte	0
 833 05d9 00       		.byte	0
 834 05da 00       		.byte	0
 835 05db 00       		.byte	0
 836 05dc 00       		.byte	0
 837 05dd 00       		.byte	0
 838 05de 00       		.byte	0
 839 05df 00       		.space	1
 840 05e0 80F00F40 		.word	1074786432
 841 05e4 03       		.byte	3
 842 05e5 000000   		.space	3
 843 05e8 00B00440 		.word	1074049024
 844 05ec 11000000 		.word	17
 845 05f0 00       		.byte	0
 846 05f1 00       		.byte	0
 847 05f2 00       		.byte	0
 848 05f3 00       		.byte	0
 849 05f4 00       		.byte	0
 850 05f5 00       		.byte	0
 851 05f6 00       		.byte	0
 852 05f7 00       		.space	1
 853 05f8 80F00F40 		.word	1074786432
 854 05fc 03       		.byte	3
 855 05fd 000000   		.space	3
 856 0600 00B00440 		.word	1074049024
 857 0604 13000000 		.word	19
 858 0608 00       		.byte	0
 859 0609 00       		.byte	0
 860 060a 00       		.byte	0
 861 060b 00       		.byte	0
 862 060c 00       		.byte	0
 863 060d 00       		.byte	0
 864 060e 00       		.byte	0
 865 060f 00       		.space	1
 866 0610 80F00F40 		.word	1074786432
 867 0614 03       		.byte	3
 868 0615 000000   		.space	3
 869 0618 00B00440 		.word	1074049024
 870 061c 17000000 		.word	23
 871 0620 00       		.byte	0
 872 0621 00       		.byte	0
 873 0622 00       		.byte	0
 874 0623 00       		.byte	0
 875 0624 00       		.byte	0
 876 0625 00       		.byte	0
 877 0626 00       		.byte	0
 878 0627 00       		.space	1
 879 0628 80F00F40 		.word	1074786432
 880 062c 03       		.byte	3
 881 062d 000000   		.space	3
 882 0630 00B00440 		.word	1074049024
 883 0634 1B000000 		.word	27
 884 0638 00       		.byte	0
 885 0639 00       		.byte	0
 886 063a 00       		.byte	0
 887 063b 00       		.byte	0
 888 063c 00       		.byte	0
 889 063d 00       		.byte	0
 890 063e 00       		.byte	0
 891 063f 00       		.space	1
 892 0640 80F00F40 		.word	1074786432
 893 0644 03       		.byte	3
 894 0645 000000   		.space	3
 895 0648 00B00440 		.word	1074049024
 896 064c 1C000000 		.word	28
 897 0650 00       		.byte	0
 898 0651 00       		.byte	0
 899 0652 00       		.byte	0
 900 0653 02       		.byte	2
 901 0654 00       		.byte	0
 902 0655 00       		.byte	0
 903 0656 00       		.byte	0
 904 0657 00       		.space	1
 905 0658 80F00F40 		.word	1074786432
 906 065c 01       		.byte	1
 907 065d 000000   		.space	3
 908 0660 00B00440 		.word	1074049024
 909 0664 1D000000 		.word	29
 910 0668 00       		.byte	0
 911 0669 00       		.byte	0
 912 066a 00       		.byte	0
 913 066b 00       		.byte	0
 914 066c 00       		.byte	0
 915 066d 00       		.byte	0
 916 066e 00       		.byte	0
 917 066f 00       		.space	1
 918 0670 80F00F40 		.word	1074786432
 919 0674 03       		.byte	3
 920 0675 000000   		.space	3
 921 0678 00B00440 		.word	1074049024
 922 067c 1E000000 		.word	30
 923 0680 00       		.byte	0
 924 0681 00       		.byte	0
 925 0682 00       		.byte	0
 926 0683 00       		.byte	0
 927 0684 00       		.byte	0
 928 0685 00       		.byte	0
 929 0686 00       		.byte	0
 930 0687 00       		.space	1
 931 0688 80F00F40 		.word	1074786432
 932 068c 03       		.byte	3
 933 068d 000000   		.space	3
 934 0690 00B00440 		.word	1074049024
 935 0694 1F000000 		.word	31
 936 0698 00       		.byte	0
 937 0699 00       		.byte	0
 938 069a 00       		.byte	0
 939 069b 00       		.byte	0
 940 069c 00       		.byte	0
 941 069d 00       		.byte	0
 942 069e 00       		.byte	0
 943 069f 00       		.space	1
 944 06a0 80F00F40 		.word	1074786432
 945 06a4 03       		.byte	3
 946 06a5 000000   		.space	3
 947 06a8 00C00440 		.word	1074053120
 948 06ac 00000000 		.word	0
 949 06b0 00       		.byte	0
 950 06b1 00       		.byte	0
 951 06b2 00       		.byte	0
 952 06b3 03       		.byte	3
 953 06b4 00       		.byte	0
 954 06b5 00       		.byte	0
 955 06b6 00       		.byte	0
 956 06b7 00       		.space	1
 957 06b8 C0F00F40 		.word	1074786496
 958 06bc 01       		.byte	1
 959 06bd 000000   		.space	3
 960 06c0 00C00440 		.word	1074053120
 961 06c4 01000000 		.word	1
 962 06c8 00       		.byte	0
 963 06c9 00       		.byte	0
 964 06ca 00       		.byte	0
 965 06cb 03       		.byte	3
 966 06cc 00       		.byte	0
 967 06cd 00       		.byte	0
 968 06ce 00       		.byte	0
 969 06cf 00       		.space	1
 970 06d0 C0F00F40 		.word	1074786496
 971 06d4 00       		.byte	0
 972 06d5 000000   		.space	3
 973 06d8 00C00440 		.word	1074053120
 974 06dc 02000000 		.word	2
 975 06e0 00       		.byte	0
 976 06e1 00       		.byte	0
 977 06e2 00       		.byte	0
 978 06e3 03       		.byte	3
 979 06e4 00       		.byte	0
 980 06e5 00       		.byte	0
 981 06e6 00       		.byte	0
 982 06e7 00       		.space	1
 983 06e8 C0F00F40 		.word	1074786496
 984 06ec 01       		.byte	1
 985 06ed 000000   		.space	3
 986 06f0 00C00440 		.word	1074053120
 987 06f4 03000000 		.word	3
 988 06f8 00       		.byte	0
 989 06f9 00       		.byte	0
 990 06fa 00       		.byte	0
 991 06fb 01       		.byte	1
 992 06fc 00       		.byte	0
 993 06fd 00       		.byte	0
 994 06fe 00       		.byte	0
 995 06ff 00       		.space	1
 996 0700 C0F00F40 		.word	1074786496
 997 0704 01       		.byte	1
 998 0705 000000   		.space	3
 999 0708 00C00440 		.word	1074053120
 1000 070c 04000000 		.word	4
 1001 0710 00       		.byte	0
 1002 0711 00       		.byte	0
 1003 0712 00       		.byte	0
 1004 0713 00       		.byte	0
 1005 0714 00       		.byte	0
 1006 0715 00       		.byte	0
 1007 0716 00       		.byte	0
 1008 0717 00       		.space	1
 1009 0718 C0F00F40 		.word	1074786496
 1010 071c 03       		.byte	3
 1011 071d 000000   		.space	3
 1012 0720 00C00440 		.word	1074053120
 1013 0724 05000000 		.word	5
 1014 0728 00       		.byte	0
 1015 0729 00       		.byte	0
 1016 072a 00       		.byte	0
 1017 072b 01       		.byte	1
 1018 072c 00       		.byte	0
 1019 072d 00       		.byte	0
 1020 072e 00       		.byte	0
 1021 072f 00       		.space	1
 1022 0730 C0F00F40 		.word	1074786496
 1023 0734 01       		.byte	1
 1024 0735 000000   		.space	3
 1025 0738 00C00440 		.word	1074053120
 1026 073c 06000000 		.word	6
 1027 0740 00       		.byte	0
 1028 0741 00       		.byte	0
 1029 0742 00       		.byte	0
 1030 0743 01       		.byte	1
 1031 0744 00       		.byte	0
 1032 0745 00       		.byte	0
 1033 0746 00       		.byte	0
 1034 0747 00       		.space	1
 1035 0748 C0F00F40 		.word	1074786496
 1036 074c 01       		.byte	1
 1037 074d 000000   		.space	3
 1038 0750 00C00440 		.word	1074053120
 1039 0754 07000000 		.word	7
 1040 0758 00       		.byte	0
 1041 0759 00       		.byte	0
 1042 075a 00       		.byte	0
 1043 075b 01       		.byte	1
 1044 075c 00       		.byte	0
 1045 075d 00       		.byte	0
 1046 075e 00       		.byte	0
 1047 075f 00       		.space	1
 1048 0760 C0F00F40 		.word	1074786496
 1049 0764 01       		.byte	1
 1050 0765 000000   		.space	3
 1051 0768 00C00440 		.word	1074053120
 1052 076c 08000000 		.word	8
 1053 0770 00       		.byte	0
 1054 0771 00       		.byte	0
 1055 0772 00       		.byte	0
 1056 0773 01       		.byte	1
 1057 0774 00       		.byte	0
 1058 0775 00       		.byte	0
 1059 0776 00       		.byte	0
 1060 0777 00       		.space	1
 1061 0778 C0F00F40 		.word	1074786496
 1062 077c 01       		.byte	1
 1063 077d 000000   		.space	3
 1064 0780 00C00440 		.word	1074053120
 1065 0784 09000000 		.word	9
 1066 0788 00       		.byte	0
 1067 0789 00       		.byte	0
 1068 078a 00       		.byte	0
 1069 078b 06       		.byte	6
 1070 078c 00       		.byte	0
 1071 078d 00       		.byte	0
 1072 078e 00       		.byte	0
 1073 078f 00       		.space	1
 1074 0790 C0F00F40 		.word	1074786496
 1075 0794 00       		.byte	0
 1076 0795 000000   		.space	3
 1077 0798 00C00440 		.word	1074053120
 1078 079c 0A000000 		.word	10
 1079 07a0 00       		.byte	0
 1080 07a1 00       		.byte	0
 1081 07a2 00       		.byte	0
 1082 07a3 02       		.byte	2
 1083 07a4 00       		.byte	0
 1084 07a5 00       		.byte	0
 1085 07a6 00       		.byte	0
 1086 07a7 00       		.space	1
 1087 07a8 C0F00F40 		.word	1074786496
 1088 07ac 00       		.byte	0
 1089 07ad 000000   		.space	3
 1090 07b0 00C00440 		.word	1074053120
 1091 07b4 0B000000 		.word	11
 1092 07b8 00       		.byte	0
 1093 07b9 00       		.byte	0
 1094 07ba 00       		.byte	0
 1095 07bb 02       		.byte	2
 1096 07bc 00       		.byte	0
 1097 07bd 00       		.byte	0
 1098 07be 00       		.byte	0
 1099 07bf 00       		.space	1
 1100 07c0 C0F00F40 		.word	1074786496
 1101 07c4 00       		.byte	0
 1102 07c5 000000   		.space	3
 1103 07c8 00C00440 		.word	1074053120
 1104 07cc 0C000000 		.word	12
 1105 07d0 00       		.byte	0
 1106 07d1 00       		.byte	0
 1107 07d2 00       		.byte	0
 1108 07d3 01       		.byte	1
 1109 07d4 00       		.byte	0
 1110 07d5 00       		.byte	0
 1111 07d6 00       		.byte	0
 1112 07d7 00       		.space	1
 1113 07d8 C0F00F40 		.word	1074786496
 1114 07dc 01       		.byte	1
 1115 07dd 000000   		.space	3
 1116 07e0 00C00440 		.word	1074053120
 1117 07e4 0D000000 		.word	13
 1118 07e8 00       		.byte	0
 1119 07e9 00       		.byte	0
 1120 07ea 00       		.byte	0
 1121 07eb 01       		.byte	1
 1122 07ec 00       		.byte	0
 1123 07ed 00       		.byte	0
 1124 07ee 00       		.byte	0
 1125 07ef 00       		.space	1
 1126 07f0 C0F00F40 		.word	1074786496
 1127 07f4 01       		.byte	1
 1128 07f5 000000   		.space	3
 1129 07f8 00C00440 		.word	1074053120
 1130 07fc 0E000000 		.word	14
 1131 0800 00       		.byte	0
 1132 0801 00       		.byte	0
 1133 0802 00       		.byte	0
 1134 0803 01       		.byte	1
 1135 0804 00       		.byte	0
 1136 0805 00       		.byte	0
 1137 0806 00       		.byte	0
 1138 0807 00       		.space	1
 1139 0808 C0F00F40 		.word	1074786496
 1140 080c 01       		.byte	1
 1141 080d 000000   		.space	3
 1142 0810 00C00440 		.word	1074053120
 1143 0814 0F000000 		.word	15
 1144 0818 00       		.byte	0
 1145 0819 00       		.byte	0
 1146 081a 00       		.byte	0
 1147 081b 01       		.byte	1
 1148 081c 00       		.byte	0
 1149 081d 00       		.byte	0
 1150 081e 00       		.byte	0
 1151 081f 00       		.space	1
 1152 0820 C0F00F40 		.word	1074786496
 1153 0824 01       		.byte	1
 1154 0825 000000   		.space	3
 1155 0828 00C00440 		.word	1074053120
 1156 082c 10000000 		.word	16
 1157 0830 00       		.byte	0
 1158 0831 00       		.byte	0
 1159 0832 00       		.byte	0
 1160 0833 01       		.byte	1
 1161 0834 00       		.byte	0
 1162 0835 00       		.byte	0
 1163 0836 00       		.byte	0
 1164 0837 00       		.space	1
 1165 0838 C0F00F40 		.word	1074786496
 1166 083c 01       		.byte	1
 1167 083d 000000   		.space	3
 1168 0840 00C00440 		.word	1074053120
 1169 0844 11000000 		.word	17
 1170 0848 00       		.byte	0
 1171 0849 00       		.byte	0
 1172 084a 00       		.byte	0
 1173 084b 01       		.byte	1
 1174 084c 00       		.byte	0
 1175 084d 00       		.byte	0
 1176 084e 00       		.byte	0
 1177 084f 00       		.space	1
 1178 0850 C0F00F40 		.word	1074786496
 1179 0854 01       		.byte	1
 1180 0855 000000   		.space	3
 1181 0858 00C00440 		.word	1074053120
 1182 085c 12000000 		.word	18
 1183 0860 00       		.byte	0
 1184 0861 00       		.byte	0
 1185 0862 00       		.byte	0
 1186 0863 00       		.byte	0
 1187 0864 00       		.byte	0
 1188 0865 00       		.byte	0
 1189 0866 00       		.byte	0
 1190 0867 00       		.space	1
 1191 0868 C0F00F40 		.word	1074786496
 1192 086c 03       		.byte	3
 1193 086d 000000   		.space	3
 1194 0870 00C00440 		.word	1074053120
 1195 0874 13000000 		.word	19
 1196 0878 00       		.byte	0
 1197 0879 00       		.byte	0
 1198 087a 00       		.byte	0
 1199 087b 00       		.byte	0
 1200 087c 00       		.byte	0
 1201 087d 00       		.byte	0
 1202 087e 00       		.byte	0
 1203 087f 00       		.space	1
 1204 0880 C0F00F40 		.word	1074786496
 1205 0884 03       		.byte	3
 1206 0885 000000   		.space	3
 1207 0888 00C00440 		.word	1074053120
 1208 088c 16000000 		.word	22
 1209 0890 00       		.byte	0
 1210 0891 00       		.byte	0
 1211 0892 00       		.byte	0
 1212 0893 00       		.byte	0
 1213 0894 00       		.byte	0
 1214 0895 00       		.byte	0
 1215 0896 00       		.byte	0
 1216 0897 00       		.space	1
 1217 0898 C0F00F40 		.word	1074786496
 1218 089c 03       		.byte	3
 1219 089d 000000   		.space	3
 1220 08a0 00C00440 		.word	1074053120
 1221 08a4 17000000 		.word	23
 1222 08a8 00       		.byte	0
 1223 08a9 00       		.byte	0
 1224 08aa 00       		.byte	0
 1225 08ab 00       		.byte	0
 1226 08ac 00       		.byte	0
 1227 08ad 00       		.byte	0
 1228 08ae 00       		.byte	0
 1229 08af 00       		.space	1
 1230 08b0 C0F00F40 		.word	1074786496
 1231 08b4 03       		.byte	3
 1232 08b5 000000   		.space	3
 1233 08b8 00C00440 		.word	1074053120
 1234 08bc 18000000 		.word	24
 1235 08c0 00       		.byte	0
 1236 08c1 00       		.byte	0
 1237 08c2 00       		.byte	0
 1238 08c3 00       		.byte	0
 1239 08c4 00       		.byte	0
 1240 08c5 00       		.byte	0
 1241 08c6 00       		.byte	0
 1242 08c7 00       		.space	1
 1243 08c8 C0F00F40 		.word	1074786496
 1244 08cc 03       		.byte	3
 1245 08cd 000000   		.space	3
 1246 08d0 00C00440 		.word	1074053120
 1247 08d4 1B000000 		.word	27
 1248 08d8 00       		.byte	0
 1249 08d9 00       		.byte	0
 1250 08da 00       		.byte	0
 1251 08db 02       		.byte	2
 1252 08dc 00       		.byte	0
 1253 08dd 00       		.byte	0
 1254 08de 00       		.byte	0
 1255 08df 00       		.space	1
 1256 08e0 C0F00F40 		.word	1074786496
 1257 08e4 01       		.byte	1
 1258 08e5 000000   		.space	3
 1259 08e8 00C00440 		.word	1074053120
 1260 08ec 1C000000 		.word	28
 1261 08f0 00       		.byte	0
 1262 08f1 00       		.byte	0
 1263 08f2 00       		.byte	0
 1264 08f3 02       		.byte	2
 1265 08f4 00       		.byte	0
 1266 08f5 00       		.byte	0
 1267 08f6 00       		.byte	0
 1268 08f7 00       		.space	1
 1269 08f8 C0F00F40 		.word	1074786496
 1270 08fc 01       		.byte	1
 1271 08fd 000000   		.space	3
 1272 0900 00C00440 		.word	1074053120
 1273 0904 1D000000 		.word	29
 1274 0908 00       		.byte	0
 1275 0909 00       		.byte	0
 1276 090a 00       		.byte	0
 1277 090b 02       		.byte	2
 1278 090c 00       		.byte	0
 1279 090d 00       		.byte	0
 1280 090e 00       		.byte	0
 1281 090f 00       		.space	1
 1282 0910 C0F00F40 		.word	1074786496
 1283 0914 01       		.byte	1
 1284 0915 000000   		.space	3
 1285 0918 00C00440 		.word	1074053120
 1286 091c 1E000000 		.word	30
 1287 0920 00       		.byte	0
 1288 0921 00       		.byte	0
 1289 0922 00       		.byte	0
 1290 0923 02       		.byte	2
 1291 0924 00       		.byte	0
 1292 0925 00       		.byte	0
 1293 0926 00       		.byte	0
 1294 0927 00       		.space	1
 1295 0928 C0F00F40 		.word	1074786496
 1296 092c 01       		.byte	1
 1297 092d 000000   		.space	3
 1298 0930 00D00440 		.word	1074057216
 1299 0934 00000000 		.word	0
 1300 0938 00       		.byte	0
 1301 0939 00       		.byte	0
 1302 093a 00       		.byte	0
 1303 093b 01       		.byte	1
 1304 093c 00       		.byte	0
 1305 093d 00       		.byte	0
 1306 093e 00       		.byte	0
 1307 093f 00       		.space	1
 1308 0940 00F10F40 		.word	1074786560
 1309 0944 00       		.byte	0
 1310 0945 000000   		.space	3
 1311 0948 00D00440 		.word	1074057216
 1312 094c 01000000 		.word	1
 1313 0950 00       		.byte	0
 1314 0951 00       		.byte	0
 1315 0952 00       		.byte	0
 1316 0953 01       		.byte	1
 1317 0954 00       		.byte	0
 1318 0955 00       		.byte	0
 1319 0956 00       		.byte	0
 1320 0957 00       		.space	1
 1321 0958 00F10F40 		.word	1074786560
 1322 095c 01       		.byte	1
 1323 095d 000000   		.space	3
 1324 0960 00D00440 		.word	1074057216
 1325 0964 02000000 		.word	2
 1326 0968 00       		.byte	0
 1327 0969 00       		.byte	0
 1328 096a 00       		.byte	0
 1329 096b 00       		.byte	0
 1330 096c 00       		.byte	0
 1331 096d 00       		.byte	0
 1332 096e 00       		.byte	0
 1333 096f 00       		.space	1
 1334 0970 00F10F40 		.word	1074786560
 1335 0974 03       		.byte	3
 1336 0975 000000   		.space	3
 1337 0978 00D00440 		.word	1074057216
 1338 097c 03000000 		.word	3
 1339 0980 00       		.byte	0
 1340 0981 00       		.byte	0
 1341 0982 00       		.byte	0
 1342 0983 01       		.byte	1
 1343 0984 00       		.byte	0
 1344 0985 00       		.byte	0
 1345 0986 00       		.byte	0
 1346 0987 00       		.space	1
 1347 0988 00F10F40 		.word	1074786560
 1348 098c 01       		.byte	1
 1349 098d 000000   		.space	3
 1350 0990 00D00440 		.word	1074057216
 1351 0994 04000000 		.word	4
 1352 0998 00       		.byte	0
 1353 0999 00       		.byte	0
 1354 099a 00       		.byte	0
 1355 099b 05       		.byte	5
 1356 099c 00       		.byte	0
 1357 099d 00       		.byte	0
 1358 099e 00       		.byte	0
 1359 099f 00       		.space	1
 1360 09a0 00F10F40 		.word	1074786560
 1361 09a4 00       		.byte	0
 1362 09a5 000000   		.space	3
 1363 09a8 00D00440 		.word	1074057216
 1364 09ac 05000000 		.word	5
 1365 09b0 00       		.byte	0
 1366 09b1 00       		.byte	0
 1367 09b2 00       		.byte	0
 1368 09b3 05       		.byte	5
 1369 09b4 00       		.byte	0
 1370 09b5 00       		.byte	0
 1371 09b6 00       		.byte	0
 1372 09b7 00       		.space	1
 1373 09b8 00F10F40 		.word	1074786560
 1374 09bc 01       		.byte	1
 1375 09bd 000000   		.space	3
 1376 09c0 00D00440 		.word	1074057216
 1377 09c4 06000000 		.word	6
 1378 09c8 00       		.byte	0
 1379 09c9 00       		.byte	0
 1380 09ca 00       		.byte	0
 1381 09cb 00       		.byte	0
 1382 09cc 00       		.byte	0
 1383 09cd 00       		.byte	0
 1384 09ce 00       		.byte	0
 1385 09cf 00       		.space	1
 1386 09d0 00F10F40 		.word	1074786560
 1387 09d4 03       		.byte	3
 1388 09d5 000000   		.space	3
 1389 09d8 00D00440 		.word	1074057216
 1390 09dc 07000000 		.word	7
 1391 09e0 00       		.byte	0
 1392 09e1 00       		.byte	0
 1393 09e2 00       		.byte	0
 1394 09e3 01       		.byte	1
 1395 09e4 00       		.byte	0
 1396 09e5 00       		.byte	0
 1397 09e6 00       		.byte	0
 1398 09e7 00       		.space	1
 1399 09e8 00F10F40 		.word	1074786560
 1400 09ec 01       		.byte	1
 1401 09ed 000000   		.space	3
 1402 09f0 00D00440 		.word	1074057216
 1403 09f4 08000000 		.word	8
 1404 09f8 00       		.byte	0
 1405 09f9 00       		.byte	0
 1406 09fa 00       		.byte	0
 1407 09fb 02       		.byte	2
 1408 09fc 00       		.byte	0
 1409 09fd 00       		.byte	0
 1410 09fe 00       		.byte	0
 1411 09ff 00       		.space	1
 1412 0a00 00F10F40 		.word	1074786560
 1413 0a04 01       		.byte	1
 1414 0a05 000000   		.space	3
 1415 0a08 00D00440 		.word	1074057216
 1416 0a0c 09000000 		.word	9
 1417 0a10 00       		.byte	0
 1418 0a11 00       		.byte	0
 1419 0a12 00       		.byte	0
 1420 0a13 01       		.byte	1
 1421 0a14 00       		.byte	0
 1422 0a15 00       		.byte	0
 1423 0a16 00       		.byte	0
 1424 0a17 00       		.space	1
 1425 0a18 00F10F40 		.word	1074786560
 1426 0a1c 01       		.byte	1
 1427 0a1d 000000   		.space	3
 1428 0a20 00D00440 		.word	1074057216
 1429 0a24 0A000000 		.word	10
 1430 0a28 00       		.byte	0
 1431 0a29 00       		.byte	0
 1432 0a2a 00       		.byte	0
 1433 0a2b 01       		.byte	1
 1434 0a2c 00       		.byte	0
 1435 0a2d 00       		.byte	0
 1436 0a2e 00       		.byte	0
 1437 0a2f 00       		.space	1
 1438 0a30 00F10F40 		.word	1074786560
 1439 0a34 00       		.byte	0
 1440 0a35 000000   		.space	3
 1441 0a38 00D00440 		.word	1074057216
 1442 0a3c 0B000000 		.word	11
 1443 0a40 00       		.byte	0
 1444 0a41 00       		.byte	0
 1445 0a42 00       		.byte	0
 1446 0a43 01       		.byte	1
 1447 0a44 00       		.byte	0
 1448 0a45 00       		.byte	0
 1449 0a46 00       		.byte	0
 1450 0a47 00       		.space	1
 1451 0a48 00F10F40 		.word	1074786560
 1452 0a4c 01       		.byte	1
 1453 0a4d 000000   		.space	3
 1454 0a50 00D00440 		.word	1074057216
 1455 0a54 0C000000 		.word	12
 1456 0a58 00       		.byte	0
 1457 0a59 00       		.byte	0
 1458 0a5a 00       		.byte	0
 1459 0a5b 01       		.byte	1
 1460 0a5c 00       		.byte	0
 1461 0a5d 00       		.byte	0
 1462 0a5e 00       		.byte	0
 1463 0a5f 00       		.space	1
 1464 0a60 00F10F40 		.word	1074786560
 1465 0a64 01       		.byte	1
 1466 0a65 000000   		.space	3
 1467 0a68 00D00440 		.word	1074057216
 1468 0a6c 0D000000 		.word	13
 1469 0a70 00       		.byte	0
 1470 0a71 00       		.byte	0
 1471 0a72 00       		.byte	0
 1472 0a73 01       		.byte	1
 1473 0a74 00       		.byte	0
 1474 0a75 00       		.byte	0
 1475 0a76 00       		.byte	0
 1476 0a77 00       		.space	1
 1477 0a78 00F10F40 		.word	1074786560
 1478 0a7c 00       		.byte	0
 1479 0a7d 000000   		.space	3
 1480 0a80 00D00440 		.word	1074057216
 1481 0a84 0E000000 		.word	14
 1482 0a88 00       		.byte	0
 1483 0a89 00       		.byte	0
 1484 0a8a 00       		.byte	0
 1485 0a8b 01       		.byte	1
 1486 0a8c 00       		.byte	0
 1487 0a8d 00       		.byte	0
 1488 0a8e 00       		.byte	0
 1489 0a8f 00       		.space	1
 1490 0a90 00F10F40 		.word	1074786560
 1491 0a94 01       		.byte	1
 1492 0a95 000000   		.space	3
 1493 0a98 00D00440 		.word	1074057216
 1494 0a9c 0F000000 		.word	15
 1495 0aa0 00       		.byte	0
 1496 0aa1 00       		.byte	0
 1497 0aa2 00       		.byte	0
 1498 0aa3 04       		.byte	4
 1499 0aa4 00       		.byte	0
 1500 0aa5 00       		.byte	0
 1501 0aa6 00       		.byte	0
 1502 0aa7 00       		.space	1
 1503 0aa8 00F10F40 		.word	1074786560
 1504 0aac 00       		.byte	0
 1505 0aad 000000   		.space	3
 1506 0ab0 00D00440 		.word	1074057216
 1507 0ab4 10000000 		.word	16
 1508 0ab8 00       		.byte	0
 1509 0ab9 00       		.byte	0
 1510 0aba 00       		.byte	0
 1511 0abb 01       		.byte	1
 1512 0abc 00       		.byte	0
 1513 0abd 00       		.byte	0
 1514 0abe 00       		.byte	0
 1515 0abf 00       		.space	1
 1516 0ac0 00F10F40 		.word	1074786560
 1517 0ac4 01       		.byte	1
 1518 0ac5 000000   		.space	3
 1519 0ac8 00D00440 		.word	1074057216
 1520 0acc 13000000 		.word	19
 1521 0ad0 00       		.byte	0
 1522 0ad1 00       		.byte	0
 1523 0ad2 00       		.byte	0
 1524 0ad3 00       		.byte	0
 1525 0ad4 00       		.byte	0
 1526 0ad5 00       		.byte	0
 1527 0ad6 00       		.byte	0
 1528 0ad7 00       		.space	1
 1529 0ad8 00F10F40 		.word	1074786560
 1530 0adc 03       		.byte	3
 1531 0add 000000   		.space	3
 1532 0ae0 00D00440 		.word	1074057216
 1533 0ae4 14000000 		.word	20
 1534 0ae8 00       		.byte	0
 1535 0ae9 00       		.byte	0
 1536 0aea 00       		.byte	0
 1537 0aeb 02       		.byte	2
 1538 0aec 00       		.byte	0
 1539 0aed 00       		.byte	0
 1540 0aee 00       		.byte	0
 1541 0aef 00       		.space	1
 1542 0af0 00F10F40 		.word	1074786560
 1543 0af4 01       		.byte	1
 1544 0af5 000000   		.space	3
 1545 0af8 00D00440 		.word	1074057216
 1546 0afc 15000000 		.word	21
 1547 0b00 00       		.byte	0
 1548 0b01 00       		.byte	0
 1549 0b02 00       		.byte	0
 1550 0b03 00       		.byte	0
 1551 0b04 00       		.byte	0
 1552 0b05 00       		.byte	0
 1553 0b06 00       		.byte	0
 1554 0b07 00       		.space	1
 1555 0b08 00F10F40 		.word	1074786560
 1556 0b0c 03       		.byte	3
 1557 0b0d 000000   		.space	3
 1558 0b10 00D00440 		.word	1074057216
 1559 0b14 16000000 		.word	22
 1560 0b18 00       		.byte	0
 1561 0b19 00       		.byte	0
 1562 0b1a 00       		.byte	0
 1563 0b1b 00       		.byte	0
 1564 0b1c 00       		.byte	0
 1565 0b1d 00       		.byte	0
 1566 0b1e 00       		.byte	0
 1567 0b1f 00       		.space	1
 1568 0b20 00F10F40 		.word	1074786560
 1569 0b24 03       		.byte	3
 1570 0b25 000000   		.space	3
 1571 0b28 00D00440 		.word	1074057216
 1572 0b2c 17000000 		.word	23
 1573 0b30 00       		.byte	0
 1574 0b31 00       		.byte	0
 1575 0b32 00       		.byte	0
 1576 0b33 00       		.byte	0
 1577 0b34 00       		.byte	0
 1578 0b35 00       		.byte	0
 1579 0b36 00       		.byte	0
 1580 0b37 00       		.space	1
 1581 0b38 00F10F40 		.word	1074786560
 1582 0b3c 03       		.byte	3
 1583 0b3d 000000   		.space	3
 1584 0b40 00D00440 		.word	1074057216
 1585 0b44 18000000 		.word	24
 1586 0b48 00       		.byte	0
 1587 0b49 00       		.byte	0
 1588 0b4a 00       		.byte	0
 1589 0b4b 00       		.byte	0
 1590 0b4c 00       		.byte	0
 1591 0b4d 00       		.byte	0
 1592 0b4e 00       		.byte	0
 1593 0b4f 00       		.space	1
 1594 0b50 00F10F40 		.word	1074786560
 1595 0b54 03       		.byte	3
 1596 0b55 000000   		.space	3
 1597 0b58 00D00440 		.word	1074057216
 1598 0b5c 19000000 		.word	25
 1599 0b60 00       		.byte	0
 1600 0b61 00       		.byte	0
 1601 0b62 00       		.byte	0
 1602 0b63 00       		.byte	0
 1603 0b64 00       		.byte	0
 1604 0b65 00       		.byte	0
 1605 0b66 00       		.byte	0
 1606 0b67 00       		.space	1
 1607 0b68 00F10F40 		.word	1074786560
 1608 0b6c 03       		.byte	3
 1609 0b6d 000000   		.space	3
 1610              		.section	.data.struct_ftm_config_tbl,"aw"
 1611              		.align	2
 1614              	struct_ftm_config_tbl:
 1615 0000 00       		.byte	0
 1616 0001 03       		.byte	3
 1617 0002 01       		.byte	1
 1618 0003 01       		.byte	1
 1619 0004 04       		.byte	4
 1620 0005 00       		.byte	0
 1621 0006 02       		.byte	2
 1622 0007 03       		.byte	3
 1623 0008 02       		.byte	2
 1624 0009 03       		.byte	3
 1625 000a 04       		.byte	4
 1626 000b 07       		.byte	7
 1627 000c 04       		.byte	4
 1628 000d 03       		.byte	3
 1629 000e 05       		.byte	5
 1630 000f 05       		.byte	5
 1631 0010 03       		.byte	3
 1632 0011 07       		.byte	7
 1633 0012 06       		.byte	6
 1634 0013 03       		.byte	3
 1635 0014 04       		.byte	4
 1636 0015 07       		.byte	7
 1637 0016 03       		.byte	3
 1638 0017 03       		.byte	3
 1639 0018 08       		.byte	8
 1640 0019 00       		.byte	0
 1641 001a 00       		.byte	0
 1642 001b 09       		.byte	9
 1643 001c 05       		.byte	5
 1644 001d 07       		.byte	7
 1645 001e 0A       		.byte	10
 1646 001f 00       		.byte	0
 1647 0020 04       		.byte	4
 1648 0021 0B       		.byte	11
 1649 0022 00       		.byte	0
 1650 0023 05       		.byte	5
 1651 0024 0C       		.byte	12
 1652 0025 00       		.byte	0
 1653 0026 06       		.byte	6
 1654 0027 0D       		.byte	13
 1655 0028 05       		.byte	5
 1656 0029 00       		.byte	0
 1657 002a 0E       		.byte	14
 1658 002b 05       		.byte	5
 1659 002c 01       		.byte	1
 1660 002d 0F       		.byte	15
 1661 002e 05       		.byte	5
 1662 002f 02       		.byte	2
 1663 0030 10       		.byte	16
 1664 0031 05       		.byte	5
 1665 0032 03       		.byte	3
 1666 0033 11       		.byte	17
 1667 0034 07       		.byte	7
 1668 0035 01       		.byte	1
 1669 0036 12       		.byte	18
 1670 0037 07       		.byte	7
 1671 0038 00       		.byte	0
 1672 0039 13       		.byte	19
 1673 003a 07       		.byte	7
 1674 003b 03       		.byte	3
 1675 003c 14       		.byte	20
 1676 003d 07       		.byte	7
 1677 003e 02       		.byte	2
 1678 003f 15       		.byte	21
 1679 0040 06       		.byte	6
 1680 0041 03       		.byte	3
 1681 0042 16       		.byte	22
 1682 0043 FF       		.byte	-1
 1683 0044 FF       		.byte	-1
 1684 0045 17       		.byte	23
 1685 0046 01       		.byte	1
 1686 0047 01       		.byte	1
 1687 0048 18       		.byte	24
 1688 0049 01       		.byte	1
 1689 004a 00       		.byte	0
 1690 004b 19       		.byte	25
 1691 004c 01       		.byte	1
 1692 004d 07       		.byte	7
 1693 004e 1A       		.byte	26
 1694 004f 01       		.byte	1
 1695 0050 06       		.byte	6
 1696 0051 1B       		.byte	27
 1697 0052 02       		.byte	2
 1698 0053 01       		.byte	1
 1699 0054 1C       		.byte	28
 1700 0055 02       		.byte	2
 1701 0056 00       		.byte	0
 1702 0057 1D       		.byte	29
 1703 0058 02       		.byte	2
 1704 0059 06       		.byte	6
 1705 005a 1E       		.byte	30
 1706 005b 01       		.byte	1
 1707 005c 05       		.byte	5
 1708 005d 1F       		.byte	31
 1709 005e FF       		.byte	-1
 1710 005f FF       		.byte	-1
 1711              		.section	.data.virtual_pin,"aw"
 1712              		.align	2
 1715              	virtual_pin:
 1716 0000 7A       		.byte	122
 1717 0001 00       		.byte	0
 1718 0002 7B       		.byte	123
 1719 0003 00       		.byte	0
 1720 0004 7C       		.byte	124
 1721 0005 00       		.byte	0
 1722 0006 7D       		.byte	125
 1723 0007 00       		.byte	0
 1724 0008 7E       		.byte	126
 1725 0009 00       		.byte	0
 1726 000a 7F       		.byte	127
 1727 000b 00       		.byte	0
 1728 000c 80       		.byte	-128
 1729 000d 00       		.byte	0
 1730 000e 81       		.byte	-127
 1731 000f 00       		.byte	0
 1732 0010 82       		.byte	-126
 1733 0011 00       		.byte	0
 1734 0012 83       		.byte	-125
 1735 0013 00       		.byte	0
 1736 0014 84       		.byte	-124
 1737 0015 00       		.byte	0
 1738 0016 85       		.byte	-123
 1739 0017 00       		.byte	0
 1740 0018 86       		.byte	-122
 1741 0019 00       		.byte	0
 1742 001a 87       		.byte	-121
 1743 001b 00       		.byte	0
 1744 001c 88       		.byte	-120
 1745 001d 00       		.byte	0
 1746 001e 89       		.byte	-119
 1747 001f 00       		.byte	0
 1748 0020 8A       		.byte	-118
 1749 0021 00       		.byte	0
 1750 0022 8B       		.byte	-117
 1751 0023 00       		.byte	0
 1752 0024 8C       		.byte	-116
 1753 0025 00       		.byte	0
 1754 0026 8D       		.byte	-115
 1755 0027 00       		.byte	0
 1756 0028 8E       		.byte	-114
 1757 0029 00       		.byte	0
 1758 002a 8F       		.byte	-113
 1759 002b 00       		.byte	0
 1760 002c 90       		.byte	-112
 1761 002d 00       		.byte	0
 1762 002e 91       		.byte	-111
 1763 002f 00       		.byte	0
 1764 0030 92       		.byte	-110
 1765 0031 00       		.byte	0
 1766 0032 93       		.byte	-109
 1767 0033 00       		.byte	0
 1768 0034 94       		.byte	-108
 1769 0035 00       		.byte	0
 1770 0036 95       		.byte	-107
 1771 0037 00       		.byte	0
 1772 0038 96       		.byte	-106
 1773 0039 00       		.byte	0
 1774 003a 97       		.byte	-105
 1775 003b 00       		.byte	0
 1776 003c 98       		.byte	-104
 1777 003d 00       		.byte	0
 1778 003e 99       		.byte	-103
 1779 003f 00       		.byte	0
 1780 0040 9A       		.byte	-102
 1781 0041 00       		.byte	0
 1782 0042 9B       		.byte	-101
 1783 0043 00       		.byte	0
 1784 0044 9C       		.byte	-100
 1785 0045 00       		.byte	0
 1786 0046 9D       		.byte	-99
 1787 0047 00       		.byte	0
 1788 0048 9E       		.byte	-98
 1789 0049 00       		.byte	0
 1790 004a 9F       		.byte	-97
 1791 004b 00       		.byte	0
 1792 004c A0       		.byte	-96
 1793 004d 00       		.byte	0
 1794 004e A1       		.byte	-95
 1795 004f 00       		.byte	0
 1796 0050 A2       		.byte	-94
 1797 0051 00       		.byte	0
 1798 0052 A3       		.byte	-93
 1799 0053 00       		.byte	0
 1800 0054 A4       		.byte	-92
 1801 0055 00       		.byte	0
 1802 0056 A5       		.byte	-91
 1803 0057 00       		.byte	0
 1804 0058 A6       		.byte	-90
 1805 0059 00       		.byte	0
 1806 005a A7       		.byte	-89
 1807 005b 00       		.byte	0
 1808 005c A8       		.byte	-88
 1809 005d 00       		.byte	0
 1810 005e A9       		.byte	-87
 1811 005f 00       		.byte	0
 1812              		.section	.rodata.adc_config_tbl,"a"
 1813              		.align	2
 1816              	adc_config_tbl:
 1817 0000 00       		.byte	0
 1818 0001 00       		.byte	0
 1819 0002 00       		.byte	0
 1820 0003 00       		.space	1
 1821 0004 E8800000 		.word	33000
 1822 0008 00100000 		.word	4096
 1823 000c 00       		.byte	0
 1824 000d 00       		.byte	0
 1825 000e 0000     		.short	0
 1826 0010 00       		.byte	0
 1827 0011 000000   		.space	3
 1828 0014 01       		.byte	1
 1829 0015 00       		.byte	0
 1830 0016 01       		.byte	1
 1831 0017 00       		.space	1
 1832 0018 88130000 		.word	5000
 1833 001c 00100000 		.word	4096
 1834 0020 00       		.byte	0
 1835 0021 00       		.byte	0
 1836 0022 0000     		.short	0
 1837 0024 00       		.byte	0
 1838 0025 000000   		.space	3
 1839 0028 02       		.byte	2
 1840 0029 00       		.byte	0
 1841 002a 02       		.byte	2
 1842 002b 00       		.space	1
 1843 002c 88130000 		.word	5000
 1844 0030 00100000 		.word	4096
 1845 0034 00       		.byte	0
 1846 0035 00       		.byte	0
 1847 0036 0000     		.short	0
 1848 0038 00       		.byte	0
 1849 0039 000000   		.space	3
 1850 003c 03       		.byte	3
 1851 003d 00       		.byte	0
 1852 003e 08       		.byte	8
 1853 003f 00       		.space	1
 1854 0040 88130000 		.word	5000
 1855 0044 00100000 		.word	4096
 1856 0048 00       		.byte	0
 1857 0049 00       		.byte	0
 1858 004a 0000     		.short	0
 1859 004c 00       		.byte	0
 1860 004d 000000   		.space	3
 1861 0050 04       		.byte	4
 1862 0051 00       		.byte	0
 1863 0052 09       		.byte	9
 1864 0053 00       		.space	1
 1865 0054 88130000 		.word	5000
 1866 0058 00100000 		.word	4096
 1867 005c 00       		.byte	0
 1868 005d 00       		.byte	0
 1869 005e 0000     		.short	0
 1870 0060 00       		.byte	0
 1871 0061 000000   		.space	3
 1872 0064 05       		.byte	5
 1873 0065 00       		.byte	0
 1874 0066 0A       		.byte	10
 1875 0067 00       		.space	1
 1876 0068 88130000 		.word	5000
 1877 006c 00100000 		.word	4096
 1878 0070 00       		.byte	0
 1879 0071 00       		.byte	0
 1880 0072 0000     		.short	0
 1881 0074 00       		.byte	0
 1882 0075 000000   		.space	3
 1883 0078 06       		.byte	6
 1884 0079 00       		.byte	0
 1885 007a 0B       		.byte	11
 1886 007b 00       		.space	1
 1887 007c 255B0000 		.word	23333
 1888 0080 00100000 		.word	4096
 1889 0084 00       		.byte	0
 1890 0085 00       		.byte	0
 1891 0086 0000     		.short	0
 1892 0088 03       		.byte	3
 1893 0089 000000   		.space	3
 1894 008c 07       		.byte	7
 1895 008d 00       		.byte	0
 1896 008e 0C       		.byte	12
 1897 008f 00       		.space	1
 1898 0090 255B0000 		.word	23333
 1899 0094 00100000 		.word	4096
 1900 0098 00       		.byte	0
 1901 0099 00       		.byte	0
 1902 009a 0C00     		.short	12
 1903 009c 03       		.byte	3
 1904 009d 000000   		.space	3
 1905 00a0 08       		.byte	8
 1906 00a1 00       		.byte	0
 1907 00a2 0D       		.byte	13
 1908 00a3 00       		.space	1
 1909 00a4 303B0000 		.word	15152
 1910 00a8 00100000 		.word	4096
 1911 00ac 00       		.byte	0
 1912 00ad 00       		.byte	0
 1913 00ae 1800     		.short	24
 1914 00b0 03       		.byte	3
 1915 00b1 000000   		.space	3
 1916 00b4 09       		.byte	9
 1917 00b5 00       		.byte	0
 1918 00b6 0E       		.byte	14
 1919 00b7 00       		.space	1
 1920 00b8 303B0000 		.word	15152
 1921 00bc 00100000 		.word	4096
 1922 00c0 00       		.byte	0
 1923 00c1 00       		.byte	0
 1924 00c2 2400     		.short	36
 1925 00c4 03       		.byte	3
 1926 00c5 000000   		.space	3
 1927 00c8 0A       		.byte	10
 1928 00c9 00       		.byte	0
 1929 00ca 10       		.byte	16
 1930 00cb 00       		.space	1
 1931 00cc 88130000 		.word	5000
 1932 00d0 00100000 		.word	4096
 1933 00d4 00       		.byte	0
 1934 00d5 00       		.byte	0
 1935 00d6 0000     		.short	0
 1936 00d8 00       		.byte	0
 1937 00d9 000000   		.space	3
 1938 00dc 0B       		.byte	11
 1939 00dd 00       		.byte	0
 1940 00de 11       		.byte	17
 1941 00df 00       		.space	1
 1942 00e0 88130000 		.word	5000
 1943 00e4 00100000 		.word	4096
 1944 00e8 00       		.byte	0
 1945 00e9 00       		.byte	0
 1946 00ea 0000     		.short	0
 1947 00ec 00       		.byte	0
 1948 00ed 000000   		.space	3
 1949 00f0 0C       		.byte	12
 1950 00f1 00       		.byte	0
 1951 00f2 12       		.byte	18
 1952 00f3 00       		.space	1
 1953 00f4 88130000 		.word	5000
 1954 00f8 00100000 		.word	4096
 1955 00fc 00       		.byte	0
 1956 00fd 00       		.byte	0
 1957 00fe 0000     		.short	0
 1958 0100 00       		.byte	0
 1959 0101 000000   		.space	3
 1960 0104 0D       		.byte	13
 1961 0105 00       		.byte	0
 1962 0106 13       		.byte	19
 1963 0107 00       		.space	1
 1964 0108 E8800000 		.word	33000
 1965 010c 00100000 		.word	4096
 1966 0110 00       		.byte	0
 1967 0111 00       		.byte	0
 1968 0112 0000     		.short	0
 1969 0114 00       		.byte	0
 1970 0115 000000   		.space	3
 1971 0118 0E       		.byte	14
 1972 0119 00       		.byte	0
 1973 011a 18       		.byte	24
 1974 011b 00       		.space	1
 1975 011c 255B0000 		.word	23333
 1976 0120 00100000 		.word	4096
 1977 0124 00       		.byte	0
 1978 0125 00       		.byte	0
 1979 0126 3000     		.short	48
 1980 0128 03       		.byte	3
 1981 0129 000000   		.space	3
 1982 012c 0F       		.byte	15
 1983 012d 00       		.byte	0
 1984 012e 19       		.byte	25
 1985 012f 00       		.space	1
 1986 0130 303B0000 		.word	15152
 1987 0134 00100000 		.word	4096
 1988 0138 00       		.byte	0
 1989 0139 00       		.byte	0
 1990 013a 3C00     		.short	60
 1991 013c 03       		.byte	3
 1992 013d 000000   		.space	3
 1993 0140 10       		.byte	16
 1994 0141 00       		.byte	0
 1995 0142 1A       		.byte	26
 1996 0143 00       		.space	1
 1997 0144 303B0000 		.word	15152
 1998 0148 00100000 		.word	4096
 1999 014c 00       		.byte	0
 2000 014d 00       		.byte	0
 2001 014e 4800     		.short	72
 2002 0150 03       		.byte	3
 2003 0151 000000   		.space	3
 2004 0154 11       		.byte	17
 2005 0155 00       		.byte	0
 2006 0156 1B       		.byte	27
 2007 0157 00       		.space	1
 2008 0158 303B0000 		.word	15152
 2009 015c 00100000 		.word	4096
 2010 0160 00       		.byte	0
 2011 0161 00       		.byte	0
 2012 0162 5400     		.short	84
 2013 0164 03       		.byte	3
 2014 0165 000000   		.space	3
 2015 0168 12       		.byte	18
 2016 0169 00       		.byte	0
 2017 016a 1C       		.byte	28
 2018 016b 00       		.space	1
 2019 016c 88130000 		.word	5000
 2020 0170 00100000 		.word	4096
 2021 0174 00       		.byte	0
 2022 0175 00       		.byte	0
 2023 0176 0000     		.short	0
 2024 0178 00       		.byte	0
 2025 0179 000000   		.space	3
 2026 017c 13       		.byte	19
 2027 017d 00       		.byte	0
 2028 017e 1D       		.byte	29
 2029 017f 00       		.space	1
 2030 0180 88130000 		.word	5000
 2031 0184 00100000 		.word	4096
 2032 0188 00       		.byte	0
 2033 0189 00       		.byte	0
 2034 018a 0000     		.short	0
 2035 018c 00       		.byte	0
 2036 018d 000000   		.space	3
 2037 0190 14       		.byte	20
 2038 0191 01       		.byte	1
 2039 0192 00       		.byte	0
 2040 0193 00       		.space	1
 2041 0194 88130000 		.word	5000
 2042 0198 00100000 		.word	4096
 2043 019c 00       		.byte	0
 2044 019d 00       		.byte	0
 2045 019e 0000     		.short	0
 2046 01a0 00       		.byte	0
 2047 01a1 000000   		.space	3
 2048 01a4 15       		.byte	21
 2049 01a5 01       		.byte	1
 2050 01a6 01       		.byte	1
 2051 01a7 00       		.space	1
 2052 01a8 6C380000 		.word	14444
 2053 01ac 00100000 		.word	4096
 2054 01b0 00       		.byte	0
 2055 01b1 00       		.byte	0
 2056 01b2 0000     		.short	0
 2057 01b4 00       		.byte	0
 2058 01b5 000000   		.space	3
 2059 01b8 16       		.byte	22
 2060 01b9 01       		.byte	1
 2061 01ba 02       		.byte	2
 2062 01bb 00       		.space	1
 2063 01bc E8800000 		.word	33000
 2064 01c0 00100000 		.word	4096
 2065 01c4 00       		.byte	0
 2066 01c5 00       		.byte	0
 2067 01c6 0000     		.short	0
 2068 01c8 00       		.byte	0
 2069 01c9 000000   		.space	3
 2070 01cc 17       		.byte	23
 2071 01cd 01       		.byte	1
 2072 01ce 03       		.byte	3
 2073 01cf 00       		.space	1
 2074 01d0 88130000 		.word	5000
 2075 01d4 00100000 		.word	4096
 2076 01d8 00       		.byte	0
 2077 01d9 00       		.byte	0
 2078 01da 0000     		.short	0
 2079 01dc 00       		.byte	0
 2080 01dd 000000   		.space	3
 2081 01e0 18       		.byte	24
 2082 01e1 01       		.byte	1
 2083 01e2 04       		.byte	4
 2084 01e3 00       		.space	1
 2085 01e4 88130000 		.word	5000
 2086 01e8 00100000 		.word	4096
 2087 01ec 00       		.byte	0
 2088 01ed 00       		.byte	0
 2089 01ee 0000     		.short	0
 2090 01f0 00       		.byte	0
 2091 01f1 000000   		.space	3
 2092 01f4 19       		.byte	25
 2093 01f5 01       		.byte	1
 2094 01f6 05       		.byte	5
 2095 01f7 00       		.space	1
 2096 01f8 E8800000 		.word	33000
 2097 01fc 00100000 		.word	4096
 2098 0200 00       		.byte	0
 2099 0201 00       		.byte	0
 2100 0202 0000     		.short	0
 2101 0204 00       		.byte	0
 2102 0205 000000   		.space	3
 2103 0208 1A       		.byte	26
 2104 0209 01       		.byte	1
 2105 020a 06       		.byte	6
 2106 020b 00       		.space	1
 2107 020c E8800000 		.word	33000
 2108 0210 00100000 		.word	4096
 2109 0214 00       		.byte	0
 2110 0215 00       		.byte	0
 2111 0216 0000     		.short	0
 2112 0218 00       		.byte	0
 2113 0219 000000   		.space	3
 2114 021c 1B       		.byte	27
 2115 021d 01       		.byte	1
 2116 021e 08       		.byte	8
 2117 021f 00       		.space	1
 2118 0220 88130000 		.word	5000
 2119 0224 00100000 		.word	4096
 2120 0228 00       		.byte	0
 2121 0229 00       		.byte	0
 2122 022a 0000     		.short	0
 2123 022c 00       		.byte	0
 2124 022d 000000   		.space	3
 2125 0230 1C       		.byte	28
 2126 0231 01       		.byte	1
 2127 0232 09       		.byte	9
 2128 0233 00       		.space	1
 2129 0234 88130000 		.word	5000
 2130 0238 00100000 		.word	4096
 2131 023c 00       		.byte	0
 2132 023d 00       		.byte	0
 2133 023e 0000     		.short	0
 2134 0240 00       		.byte	0
 2135 0241 000000   		.space	3
 2136 0244 1D       		.byte	29
 2137 0245 01       		.byte	1
 2138 0246 0A       		.byte	10
 2139 0247 00       		.space	1
 2140 0248 255B0000 		.word	23333
 2141 024c 00100000 		.word	4096
 2142 0250 00       		.byte	0
 2143 0251 00       		.byte	0
 2144 0252 6000     		.short	96
 2145 0254 03       		.byte	3
 2146 0255 000000   		.space	3
 2147 0258 1E       		.byte	30
 2148 0259 01       		.byte	1
 2149 025a 0B       		.byte	11
 2150 025b 00       		.space	1
 2151 025c 303B0000 		.word	15152
 2152 0260 00100000 		.word	4096
 2153 0264 00       		.byte	0
 2154 0265 00       		.byte	0
 2155 0266 6C00     		.short	108
 2156 0268 03       		.byte	3
 2157 0269 000000   		.space	3
 2158 026c 1F       		.byte	31
 2159 026d 01       		.byte	1
 2160 026e 0C       		.byte	12
 2161 026f 00       		.space	1
 2162 0270 255B0000 		.word	23333
 2163 0274 00100000 		.word	4096
 2164 0278 00       		.byte	0
 2165 0279 00       		.byte	0
 2166 027a 7800     		.short	120
 2167 027c 03       		.byte	3
 2168 027d 000000   		.space	3
 2169 0280 20       		.byte	32
 2170 0281 01       		.byte	1
 2171 0282 0D       		.byte	13
 2172 0283 00       		.space	1
 2173 0284 255B0000 		.word	23333
 2174 0288 00100000 		.word	4096
 2175 028c 00       		.byte	0
 2176 028d 00       		.byte	0
 2177 028e 8400     		.short	132
 2178 0290 03       		.byte	3
 2179 0291 000000   		.space	3
 2180 0294 21       		.byte	33
 2181 0295 01       		.byte	1
 2182 0296 0E       		.byte	14
 2183 0297 00       		.space	1
 2184 0298 88130000 		.word	5000
 2185 029c 00100000 		.word	4096
 2186 02a0 00       		.byte	0
 2187 02a1 00       		.byte	0
 2188 02a2 0000     		.short	0
 2189 02a4 00       		.byte	0
 2190 02a5 000000   		.space	3
 2191 02a8 22       		.byte	34
 2192 02a9 01       		.byte	1
 2193 02aa 0F       		.byte	15
 2194 02ab 00       		.space	1
 2195 02ac E8800000 		.word	33000
 2196 02b0 00100000 		.word	4096
 2197 02b4 00       		.byte	0
 2198 02b5 00       		.byte	0
 2199 02b6 0000     		.short	0
 2200 02b8 00       		.byte	0
 2201 02b9 000000   		.space	3
 2202 02bc 23       		.byte	35
 2203 02bd 01       		.byte	1
 2204 02be 10       		.byte	16
 2205 02bf 00       		.space	1
 2206 02c0 35820000 		.word	33333
 2207 02c4 00100000 		.word	4096
 2208 02c8 00       		.byte	0
 2209 02c9 00       		.byte	0
 2210 02ca 9000     		.short	144
 2211 02cc 03       		.byte	3
 2212 02cd 000000   		.space	3
 2213 02d0 24       		.byte	36
 2214 02d1 01       		.byte	1
 2215 02d2 11       		.byte	17
 2216 02d3 00       		.space	1
 2217 02d4 35820000 		.word	33333
 2218 02d8 00100000 		.word	4096
 2219 02dc 00       		.byte	0
 2220 02dd 00       		.byte	0
 2221 02de 9C00     		.short	156
 2222 02e0 03       		.byte	3
 2223 02e1 000000   		.space	3
 2224 02e4 25       		.byte	37
 2225 02e5 01       		.byte	1
 2226 02e6 12       		.byte	18
 2227 02e7 00       		.space	1
 2228 02e8 35820000 		.word	33333
 2229 02ec 00100000 		.word	4096
 2230 02f0 00       		.byte	0
 2231 02f1 00       		.byte	0
 2232 02f2 A800     		.short	168
 2233 02f4 03       		.byte	3
 2234 02f5 000000   		.space	3
 2235 02f8 26       		.byte	38
 2236 02f9 01       		.byte	1
 2237 02fa 13       		.byte	19
 2238 02fb 00       		.space	1
 2239 02fc 35820000 		.word	33333
 2240 0300 00100000 		.word	4096
 2241 0304 00       		.byte	0
 2242 0305 00       		.byte	0
 2243 0306 B400     		.short	180
 2244 0308 03       		.byte	3
 2245 0309 000000   		.space	3
 2246 030c 27       		.byte	39
 2247 030d 00       		.byte	0
 2248 030e 00       		.byte	0
 2249 030f 00       		.space	1
 2250 0310 18420000 		.word	16920
 2251 0314 00100000 		.word	4096
 2252 0318 01       		.byte	1
 2253 0319 00       		.byte	0
 2254 031a 0000     		.short	0
 2255 031c 00       		.byte	0
 2256 031d 000000   		.space	3
 2257 0320 28       		.byte	40
 2258 0321 00       		.byte	0
 2259 0322 00       		.byte	0
 2260 0323 00       		.space	1
 2261 0324 18420000 		.word	16920
 2262 0328 00100000 		.word	4096
 2263 032c 01       		.byte	1
 2264 032d 01       		.byte	1
 2265 032e 0000     		.short	0
 2266 0330 00       		.byte	0
 2267 0331 000000   		.space	3
 2268 0334 29       		.byte	41
 2269 0335 00       		.byte	0
 2270 0336 00       		.byte	0
 2271 0337 00       		.space	1
 2272 0338 18420000 		.word	16920
 2273 033c 00100000 		.word	4096
 2274 0340 01       		.byte	1
 2275 0341 02       		.byte	2
 2276 0342 0000     		.short	0
 2277 0344 00       		.byte	0
 2278 0345 000000   		.space	3
 2279 0348 2A       		.byte	42
 2280 0349 00       		.byte	0
 2281 034a 00       		.byte	0
 2282 034b 00       		.space	1
 2283 034c 18420000 		.word	16920
 2284 0350 00100000 		.word	4096
 2285 0354 01       		.byte	1
 2286 0355 03       		.byte	3
 2287 0356 0000     		.short	0
 2288 0358 00       		.byte	0
 2289 0359 000000   		.space	3
 2290 035c 2B       		.byte	43
 2291 035d 00       		.byte	0
 2292 035e 00       		.byte	0
 2293 035f 00       		.space	1
 2294 0360 18420000 		.word	16920
 2295 0364 00100000 		.word	4096
 2296 0368 01       		.byte	1
 2297 0369 04       		.byte	4
 2298 036a 0000     		.short	0
 2299 036c 00       		.byte	0
 2300 036d 000000   		.space	3
 2301 0370 2C       		.byte	44
 2302 0371 00       		.byte	0
 2303 0372 00       		.byte	0
 2304 0373 00       		.space	1
 2305 0374 18420000 		.word	16920
 2306 0378 00100000 		.word	4096
 2307 037c 01       		.byte	1
 2308 037d 05       		.byte	5
 2309 037e 0000     		.short	0
 2310 0380 00       		.byte	0
 2311 0381 000000   		.space	3
 2312 0384 2D       		.byte	45
 2313 0385 00       		.byte	0
 2314 0386 00       		.byte	0
 2315 0387 00       		.space	1
 2316 0388 18420000 		.word	16920
 2317 038c 00100000 		.word	4096
 2318 0390 01       		.byte	1
 2319 0391 06       		.byte	6
 2320 0392 0000     		.short	0
 2321 0394 00       		.byte	0
 2322 0395 000000   		.space	3
 2323 0398 2E       		.byte	46
 2324 0399 00       		.byte	0
 2325 039a 00       		.byte	0
 2326 039b 00       		.space	1
 2327 039c 88130000 		.word	5000
 2328 03a0 00100000 		.word	4096
 2329 03a4 01       		.byte	1
 2330 03a5 07       		.byte	7
 2331 03a6 0000     		.short	0
 2332 03a8 00       		.byte	0
 2333 03a9 000000   		.space	3
 2334 03ac 2F       		.byte	47
 2335 03ad 00       		.byte	0
 2336 03ae 01       		.byte	1
 2337 03af 00       		.space	1
 2338 03b0 88130000 		.word	5000
 2339 03b4 00100000 		.word	4096
 2340 03b8 01       		.byte	1
 2341 03b9 00       		.byte	0
 2342 03ba 0000     		.short	0
 2343 03bc 00       		.byte	0
 2344 03bd 000000   		.space	3
 2345 03c0 30       		.byte	48
 2346 03c1 00       		.byte	0
 2347 03c2 01       		.byte	1
 2348 03c3 00       		.space	1
 2349 03c4 88130000 		.word	5000
 2350 03c8 00100000 		.word	4096
 2351 03cc 01       		.byte	1
 2352 03cd 01       		.byte	1
 2353 03ce 0000     		.short	0
 2354 03d0 00       		.byte	0
 2355 03d1 000000   		.space	3
 2356 03d4 31       		.byte	49
 2357 03d5 00       		.byte	0
 2358 03d6 01       		.byte	1
 2359 03d7 00       		.space	1
 2360 03d8 88130000 		.word	5000
 2361 03dc 00100000 		.word	4096
 2362 03e0 01       		.byte	1
 2363 03e1 02       		.byte	2
 2364 03e2 0000     		.short	0
 2365 03e4 00       		.byte	0
 2366 03e5 000000   		.space	3
 2367 03e8 32       		.byte	50
 2368 03e9 00       		.byte	0
 2369 03ea 01       		.byte	1
 2370 03eb 00       		.space	1
 2371 03ec 88130000 		.word	5000
 2372 03f0 00100000 		.word	4096
 2373 03f4 01       		.byte	1
 2374 03f5 03       		.byte	3
 2375 03f6 0000     		.short	0
 2376 03f8 00       		.byte	0
 2377 03f9 000000   		.space	3
 2378 03fc 33       		.byte	51
 2379 03fd 00       		.byte	0
 2380 03fe 01       		.byte	1
 2381 03ff 00       		.space	1
 2382 0400 E8800000 		.word	33000
 2383 0404 00100000 		.word	4096
 2384 0408 01       		.byte	1
 2385 0409 04       		.byte	4
 2386 040a 0000     		.short	0
 2387 040c 00       		.byte	0
 2388 040d 000000   		.space	3
 2389 0410 34       		.byte	52
 2390 0411 00       		.byte	0
 2391 0412 01       		.byte	1
 2392 0413 00       		.space	1
 2393 0414 E8800000 		.word	33000
 2394 0418 00100000 		.word	4096
 2395 041c 01       		.byte	1
 2396 041d 05       		.byte	5
 2397 041e 0000     		.short	0
 2398 0420 00       		.byte	0
 2399 0421 000000   		.space	3
 2400 0424 35       		.byte	53
 2401 0425 00       		.byte	0
 2402 0426 01       		.byte	1
 2403 0427 00       		.space	1
 2404 0428 88130000 		.word	5000
 2405 042c 00100000 		.word	4096
 2406 0430 01       		.byte	1
 2407 0431 06       		.byte	6
 2408 0432 0000     		.short	0
 2409 0434 00       		.byte	0
 2410 0435 000000   		.space	3
 2411 0438 36       		.byte	54
 2412 0439 00       		.byte	0
 2413 043a 01       		.byte	1
 2414 043b 00       		.space	1
 2415 043c 88130000 		.word	5000
 2416 0440 00100000 		.word	4096
 2417 0444 01       		.byte	1
 2418 0445 07       		.byte	7
 2419 0446 0000     		.short	0
 2420 0448 00       		.byte	0
 2421 0449 000000   		.space	3
 2422 044c 37       		.byte	55
 2423 044d 01       		.byte	1
 2424 044e 03       		.byte	3
 2425 044f 00       		.space	1
 2426 0450 E8800000 		.word	33000
 2427 0454 00100000 		.word	4096
 2428 0458 01       		.byte	1
 2429 0459 00       		.byte	0
 2430 045a 0000     		.short	0
 2431 045c 00       		.byte	0
 2432 045d 000000   		.space	3
 2433 0460 38       		.byte	56
 2434 0461 01       		.byte	1
 2435 0462 03       		.byte	3
 2436 0463 00       		.space	1
 2437 0464 E8800000 		.word	33000
 2438 0468 00100000 		.word	4096
 2439 046c 01       		.byte	1
 2440 046d 01       		.byte	1
 2441 046e 0000     		.short	0
 2442 0470 00       		.byte	0
 2443 0471 000000   		.space	3
 2444 0474 39       		.byte	57
 2445 0475 01       		.byte	1
 2446 0476 03       		.byte	3
 2447 0477 00       		.space	1
 2448 0478 E8800000 		.word	33000
 2449 047c 00100000 		.word	4096
 2450 0480 01       		.byte	1
 2451 0481 02       		.byte	2
 2452 0482 0000     		.short	0
 2453 0484 00       		.byte	0
 2454 0485 000000   		.space	3
 2455 0488 3A       		.byte	58
 2456 0489 01       		.byte	1
 2457 048a 03       		.byte	3
 2458 048b 00       		.space	1
 2459 048c E8800000 		.word	33000
 2460 0490 00100000 		.word	4096
 2461 0494 01       		.byte	1
 2462 0495 03       		.byte	3
 2463 0496 0000     		.short	0
 2464 0498 00       		.byte	0
 2465 0499 000000   		.space	3
 2466 049c 3B       		.byte	59
 2467 049d 01       		.byte	1
 2468 049e 03       		.byte	3
 2469 049f 00       		.space	1
 2470 04a0 E8800000 		.word	33000
 2471 04a4 00100000 		.word	4096
 2472 04a8 01       		.byte	1
 2473 04a9 04       		.byte	4
 2474 04aa 0000     		.short	0
 2475 04ac 00       		.byte	0
 2476 04ad 000000   		.space	3
 2477 04b0 3C       		.byte	60
 2478 04b1 01       		.byte	1
 2479 04b2 03       		.byte	3
 2480 04b3 00       		.space	1
 2481 04b4 E8800000 		.word	33000
 2482 04b8 00100000 		.word	4096
 2483 04bc 01       		.byte	1
 2484 04bd 05       		.byte	5
 2485 04be 0000     		.short	0
 2486 04c0 00       		.byte	0
 2487 04c1 000000   		.space	3
 2488 04c4 3D       		.byte	61
 2489 04c5 01       		.byte	1
 2490 04c6 03       		.byte	3
 2491 04c7 00       		.space	1
 2492 04c8 E8800000 		.word	33000
 2493 04cc 00100000 		.word	4096
 2494 04d0 01       		.byte	1
 2495 04d1 06       		.byte	6
 2496 04d2 0000     		.short	0
 2497 04d4 00       		.byte	0
 2498 04d5 000000   		.space	3
 2499 04d8 3E       		.byte	62
 2500 04d9 01       		.byte	1
 2501 04da 03       		.byte	3
 2502 04db 00       		.space	1
 2503 04dc E8800000 		.word	33000
 2504 04e0 00100000 		.word	4096
 2505 04e4 01       		.byte	1
 2506 04e5 07       		.byte	7
 2507 04e6 0000     		.short	0
 2508 04e8 00       		.byte	0
 2509 04e9 000000   		.space	3
 2510 04ec 3F       		.byte	63
 2511 04ed 01       		.byte	1
 2512 04ee 04       		.byte	4
 2513 04ef 00       		.space	1
 2514 04f0 E8800000 		.word	33000
 2515 04f4 00100000 		.word	4096
 2516 04f8 01       		.byte	1
 2517 04f9 00       		.byte	0
 2518 04fa 0000     		.short	0
 2519 04fc 00       		.byte	0
 2520 04fd 000000   		.space	3
 2521 0500 40       		.byte	64
 2522 0501 01       		.byte	1
 2523 0502 04       		.byte	4
 2524 0503 00       		.space	1
 2525 0504 E8800000 		.word	33000
 2526 0508 00100000 		.word	4096
 2527 050c 01       		.byte	1
 2528 050d 01       		.byte	1
 2529 050e 0000     		.short	0
 2530 0510 00       		.byte	0
 2531 0511 000000   		.space	3
 2532 0514 41       		.byte	65
 2533 0515 01       		.byte	1
 2534 0516 04       		.byte	4
 2535 0517 00       		.space	1
 2536 0518 E8800000 		.word	33000
 2537 051c 00100000 		.word	4096
 2538 0520 01       		.byte	1
 2539 0521 02       		.byte	2
 2540 0522 0000     		.short	0
 2541 0524 00       		.byte	0
 2542 0525 000000   		.space	3
 2543 0528 42       		.byte	66
 2544 0529 01       		.byte	1
 2545 052a 04       		.byte	4
 2546 052b 00       		.space	1
 2547 052c E8800000 		.word	33000
 2548 0530 00100000 		.word	4096
 2549 0534 01       		.byte	1
 2550 0535 03       		.byte	3
 2551 0536 0000     		.short	0
 2552 0538 00       		.byte	0
 2553 0539 000000   		.space	3
 2554 053c 43       		.byte	67
 2555 053d 01       		.byte	1
 2556 053e 04       		.byte	4
 2557 053f 00       		.space	1
 2558 0540 E8800000 		.word	33000
 2559 0544 00100000 		.word	4096
 2560 0548 01       		.byte	1
 2561 0549 04       		.byte	4
 2562 054a 0000     		.short	0
 2563 054c 00       		.byte	0
 2564 054d 000000   		.space	3
 2565 0550 44       		.byte	68
 2566 0551 01       		.byte	1
 2567 0552 04       		.byte	4
 2568 0553 00       		.space	1
 2569 0554 E8800000 		.word	33000
 2570 0558 00100000 		.word	4096
 2571 055c 01       		.byte	1
 2572 055d 05       		.byte	5
 2573 055e 0000     		.short	0
 2574 0560 00       		.byte	0
 2575 0561 000000   		.space	3
 2576 0564 45       		.byte	69
 2577 0565 01       		.byte	1
 2578 0566 04       		.byte	4
 2579 0567 00       		.space	1
 2580 0568 E8800000 		.word	33000
 2581 056c 00100000 		.word	4096
 2582 0570 01       		.byte	1
 2583 0571 06       		.byte	6
 2584 0572 0000     		.short	0
 2585 0574 00       		.byte	0
 2586 0575 000000   		.space	3
 2587 0578 46       		.byte	70
 2588 0579 01       		.byte	1
 2589 057a 04       		.byte	4
 2590 057b 00       		.space	1
 2591 057c E8800000 		.word	33000
 2592 0580 00100000 		.word	4096
 2593 0584 01       		.byte	1
 2594 0585 07       		.byte	7
 2595 0586 0000     		.short	0
 2596 0588 00       		.byte	0
 2597 0589 000000   		.space	3
 2598 058c 00000000 		.space	20
 2598      00000000 
 2598      00000000 
 2598      00000000 
 2598      00000000 
 2599              		.ident	"GCC: (GNU Tools for Arm Embedded Processors 8-2019-q3-update) 8.3.1 20190703 (release) [gc
