   1              		.cpu cortex-m4
   2              		.eabi_attribute 27, 1
   3              		.eabi_attribute 28, 1
   4              		.eabi_attribute 20, 1
   5              		.eabi_attribute 21, 1
   6              		.eabi_attribute 23, 3
   7              		.eabi_attribute 24, 1
   8              		.eabi_attribute 25, 1
   9              		.eabi_attribute 26, 1
  10              		.eabi_attribute 30, 1
  11              		.eabi_attribute 34, 1
  12              		.eabi_attribute 18, 4
  13              		.file	"user_code.c"
  14              		.text
  15              		.section	.text.usercode_init,"ax",%progbits
  16              		.align	1
  17              		.global	usercode_init
  18              		.arch armv7e-m
  19              		.syntax unified
  20              		.thumb
  21              		.thumb_func
  22              		.fpu fpv4-sp-d16
  24              	usercode_init:
  25              		@ args = 0, pretend = 0, frame = 0
  26              		@ frame_needed = 0, uses_anonymous_args = 0
  27 0000 00B5     		push	{lr}
  28 0002 89B0     		sub	sp, sp, #36
  29 0004 0022     		movs	r2, #0
  30 0006 0421     		movs	r1, #4
  31 0008 9020     		movs	r0, #144
  32 000a FFF7FEFF 		bl	user_eeprom_write
  33 000e 0022     		movs	r2, #0
  34 0010 0421     		movs	r1, #4
  35 0012 9120     		movs	r0, #145
  36 0014 FFF7FEFF 		bl	user_eeprom_write
  37 0018 0022     		movs	r2, #0
  38 001a 0421     		movs	r1, #4
  39 001c 9220     		movs	r0, #146
  40 001e FFF7FEFF 		bl	user_eeprom_write
  41 0022 0022     		movs	r2, #0
  42 0024 0421     		movs	r1, #4
  43 0026 9320     		movs	r0, #147
  44 0028 FFF7FEFF 		bl	user_eeprom_write
  45 002c FF23     		movs	r3, #255
  46 002e 0793     		str	r3, [sp, #28]
  47 0030 0693     		str	r3, [sp, #24]
  48 0032 0593     		str	r3, [sp, #20]
  49 0034 0493     		str	r3, [sp, #16]
  50 0036 0020     		movs	r0, #0
  51 0038 0390     		str	r0, [sp, #12]
  52 003a 0290     		str	r0, [sp, #8]
  53 003c 0190     		str	r0, [sp, #4]
  54 003e 0090     		str	r0, [sp]
  55 0040 0823     		movs	r3, #8
  56 0042 0246     		mov	r2, r0
  57 0044 0121     		movs	r1, #1
  58 0046 FFF7FEFF 		bl	user_can_msg_send
  59 004a 09B0     		add	sp, sp, #36
  60              		@ sp needed
  61 004c 5DF804FB 		ldr	pc, [sp], #4
  63              		.section	.text.usercode,"ax",%progbits
  64              		.align	1
  65              		.global	usercode
  66              		.syntax unified
  67              		.thumb
  68              		.thumb_func
  69              		.fpu fpv4-sp-d16
  71              	usercode:
  72              		@ args = 0, pretend = 0, frame = 0
  73              		@ frame_needed = 0, uses_anonymous_args = 0
  74 0000 1B4A     		ldr	r2, .L10
  75 0002 1388     		ldrh	r3, [r2]
  76 0004 0133     		adds	r3, r3, #1
  77 0006 9BB2     		uxth	r3, r3
  78 0008 1380     		strh	r3, [r2]	@ movhi
  79 000a 642B     		cmp	r3, #100
  80 000c 00D0     		beq	.L9
  81 000e 7047     		bx	lr
  82              	.L9:
  83 0010 10B5     		push	{r4, lr}
  84 0012 88B0     		sub	sp, sp, #32
  85 0014 174C     		ldr	r4, .L10+4
  86 0016 2246     		mov	r2, r4
  87 0018 0321     		movs	r1, #3
  88 001a 9020     		movs	r0, #144
  89 001c FFF7FEFF 		bl	user_eeprom_read
  90 0020 621C     		adds	r2, r4, #1
  91 0022 0321     		movs	r1, #3
  92 0024 9120     		movs	r0, #145
  93 0026 FFF7FEFF 		bl	user_eeprom_read
  94 002a A21C     		adds	r2, r4, #2
  95 002c 0321     		movs	r1, #3
  96 002e 9220     		movs	r0, #146
  97 0030 FFF7FEFF 		bl	user_eeprom_read
  98 0034 E21C     		adds	r2, r4, #3
  99 0036 0321     		movs	r1, #3
 100 0038 9320     		movs	r0, #147
 101 003a FFF7FEFF 		bl	user_eeprom_read
 102 003e FF23     		movs	r3, #255
 103 0040 0793     		str	r3, [sp, #28]
 104 0042 0693     		str	r3, [sp, #24]
 105 0044 0593     		str	r3, [sp, #20]
 106 0046 0493     		str	r3, [sp, #16]
 107 0048 E378     		ldrb	r3, [r4, #3]	@ zero_extendqisi2
 108 004a 0393     		str	r3, [sp, #12]
 109 004c A378     		ldrb	r3, [r4, #2]	@ zero_extendqisi2
 110 004e 0293     		str	r3, [sp, #8]
 111 0050 6378     		ldrb	r3, [r4, #1]	@ zero_extendqisi2
 112 0052 0193     		str	r3, [sp, #4]
 113 0054 2378     		ldrb	r3, [r4]	@ zero_extendqisi2
 114 0056 0093     		str	r3, [sp]
 115 0058 0823     		movs	r3, #8
 116 005a 0022     		movs	r2, #0
 117 005c 4FF48071 		mov	r1, #256
 118 0060 1046     		mov	r0, r2
 119 0062 FFF7FEFF 		bl	user_can_msg_send
 120 0066 024B     		ldr	r3, .L10
 121 0068 0022     		movs	r2, #0
 122 006a 1A80     		strh	r2, [r3]	@ movhi
 123 006c 08B0     		add	sp, sp, #32
 124              		@ sp needed
 125 006e 10BD     		pop	{r4, pc}
 126              	.L11:
 127              		.align	2
 128              	.L10:
 129 0070 00000000 		.word	.LANCHOR0
 130 0074 00000000 		.word	eeprom_val
 132              		.section	.text.user_can_receive_msg_callback,"ax",%progbits
 133              		.align	1
 134              		.global	user_can_receive_msg_callback
 135              		.syntax unified
 136              		.thumb
 137              		.thumb_func
 138              		.fpu fpv4-sp-d16
 140              	user_can_receive_msg_callback:
 141              		@ args = 0, pretend = 0, frame = 0
 142              		@ frame_needed = 0, uses_anonymous_args = 0
 143              		@ link register save eliminated.
 144 0000 7047     		bx	lr
 146              		.section	.text.user_int_rx_sci,"ax",%progbits
 147              		.align	1
 148              		.global	user_int_rx_sci
 149              		.syntax unified
 150              		.thumb
 151              		.thumb_func
 152              		.fpu fpv4-sp-d16
 154              	user_int_rx_sci:
 155              		@ args = 0, pretend = 0, frame = 0
 156              		@ frame_needed = 0, uses_anonymous_args = 0
 157              		@ link register save eliminated.
 158 0000 7047     		bx	lr
 160              		.section	.text.user_int_timer_1ms,"ax",%progbits
 161              		.align	1
 162              		.global	user_int_timer_1ms
 163              		.syntax unified
 164              		.thumb
 165              		.thumb_func
 166              		.fpu fpv4-sp-d16
 168              	user_int_timer_1ms:
 169              		@ args = 0, pretend = 0, frame = 0
 170              		@ frame_needed = 0, uses_anonymous_args = 0
 171              		@ link register save eliminated.
 172 0000 7047     		bx	lr
 174              		.global	counter
 175              		.comm	counter_rpm,1,1
 176              		.comm	eeprom_val,3,4
 177              		.comm	byte_H_rpm,1,1
 178              		.comm	byte_L_rpm,1,1
 179              		.comm	byte_L1_hour,1,1
 180              		.comm	byte_L2_hour,1,1
 181              		.comm	byte_H1_hour,1,1
 182              		.comm	byte_H2_hour,1,1
 183              		.comm	display_timer_180,4,4
 184              		.comm	display_timer_1000,4,4
 185              		.comm	timer,4,4
 186              		.comm	hour_flag,4,4
 187              		.comm	ENG_HRS_1sec,4,4
 188              		.comm	ENG_HRS_EEPROM,4,4
 189              		.comm	RPM_Average,4,4
 190              		.comm	RPM_Total,4,4
 191              		.comm	ENGINE_RPM_DSP,4,4
 192              		.comm	ENGINE_RPM,4,4
 193              		.section	.bss.counter,"aw",%nobits
 194              		.align	1
 195              		.set	.LANCHOR0,. + 0
 198              	counter:
 199 0000 0000     		.space	2
 200              		.ident	"GCC: (GNU Tools for Arm Embedded Processors 8-2019-q3-update) 8.3.1 20190703 (release) [gc
