   1              		.cpu cortex-m4
   2              		.eabi_attribute 27, 1
   3              		.eabi_attribute 28, 1
   4              		.eabi_attribute 20, 1
   5              		.eabi_attribute 21, 1
   6              		.eabi_attribute 23, 3
   7              		.eabi_attribute 24, 1
   8              		.eabi_attribute 25, 1
   9              		.eabi_attribute 26, 1
  10              		.eabi_attribute 30, 1
  11              		.eabi_attribute 34, 1
  12              		.eabi_attribute 18, 4
  13              		.file	"user_api_ai.c"
  14              		.text
  15              		.section	.text.user_ai_set_measurement_range,"ax",%progbits
  16              		.align	1
  17              		.global	user_ai_set_measurement_range
  18              		.arch armv7e-m
  19              		.syntax unified
  20              		.thumb
  21              		.thumb_func
  22              		.fpu fpv4-sp-d16
  24              	user_ai_set_measurement_range:
  25              		@ args = 0, pretend = 0, frame = 0
  26              		@ frame_needed = 0, uses_anonymous_args = 0
  27 0000 08B5     		push	{r3, lr}
  28 0002 FFF7FEFF 		bl	modulhardwarecode_adc_set_measurement_range
  29 0006 08BD     		pop	{r3, pc}
  31              		.section	.text.user_ai_get,"ax",%progbits
  32              		.align	1
  33              		.global	user_ai_get
  34              		.syntax unified
  35              		.thumb
  36              		.thumb_func
  37              		.fpu fpv4-sp-d16
  39              	user_ai_get:
  40              		@ args = 0, pretend = 0, frame = 8
  41              		@ frame_needed = 0, uses_anonymous_args = 0
  42 0000 00B5     		push	{lr}
  43 0002 83B0     		sub	sp, sp, #12
  44 0004 0023     		movs	r3, #0
  45 0006 ADF80630 		strh	r3, [sp, #6]	@ movhi
  46 000a 0DF10601 		add	r1, sp, #6
  47 000e FFF7FEFF 		bl	hal_io_ai_get_digits
  48 0012 BDF80600 		ldrh	r0, [sp, #6]
  49 0016 03B0     		add	sp, sp, #12
  50              		@ sp needed
  51 0018 5DF804FB 		ldr	pc, [sp], #4
  53              		.section	.text.user_ai_get_mv,"ax",%progbits
  54              		.align	1
  55              		.global	user_ai_get_mv
  56              		.syntax unified
  57              		.thumb
  58              		.thumb_func
  59              		.fpu fpv4-sp-d16
  61              	user_ai_get_mv:
  62              		@ args = 0, pretend = 0, frame = 0
  63              		@ frame_needed = 0, uses_anonymous_args = 0
  64 0000 4728     		cmp	r0, #71
  65 0002 16D8     		bhi	.L7
  66 0004 70B5     		push	{r4, r5, r6, lr}
  67 0006 00EB8003 		add	r3, r0, r0, lsl #2
  68 000a 0B4A     		ldr	r2, .L14
  69 000c 02EB8303 		add	r3, r2, r3, lsl #2
  70 0010 9E68     		ldr	r6, [r3, #8]
  71 0012 0EB9     		cbnz	r6, .L13
  72 0014 0020     		movs	r0, #0
  73              	.L6:
  74 0016 70BD     		pop	{r4, r5, r6, pc}
  75              	.L13:
  76 0018 0446     		mov	r4, r0
  77 001a FFF7FEFF 		bl	user_ai_get
  78 001e 0546     		mov	r5, r0
  79 0020 2046     		mov	r0, r4
  80 0022 FFF7FEFF 		bl	adc_get_measurement_range
  81 0026 00FB05F0 		mul	r0, r0, r5
  82 002a B0FBF6F0 		udiv	r0, r0, r6
  83 002e 80B2     		uxth	r0, r0
  84 0030 F1E7     		b	.L6
  85              	.L7:
  86 0032 0020     		movs	r0, #0
  87 0034 7047     		bx	lr
  88              	.L15:
  89 0036 00BF     		.align	2
  90              	.L14:
  91 0038 00000000 		.word	adc_config_tbl
  93              		.section	.text.user_ai_get_cal,"ax",%progbits
  94              		.align	1
  95              		.global	user_ai_get_cal
  96              		.syntax unified
  97              		.thumb
  98              		.thumb_func
  99              		.fpu fpv4-sp-d16
 101              	user_ai_get_cal:
 102              		@ args = 0, pretend = 0, frame = 0
 103              		@ frame_needed = 0, uses_anonymous_args = 0
 104              		@ link register save eliminated.
 105 0000 00EB8000 		add	r0, r0, r0, lsl #2
 106 0004 024B     		ldr	r3, .L17
 107 0006 03EB4003 		add	r3, r3, r0, lsl #1
 108 000a D888     		ldrh	r0, [r3, #6]
 109 000c 7047     		bx	lr
 110              	.L18:
 111 000e 00BF     		.align	2
 112              	.L17:
 113 0010 00000000 		.word	adc_results
 115              		.section	.text.user_ai_get_filtered,"ax",%progbits
 116              		.align	1
 117              		.global	user_ai_get_filtered
 118              		.syntax unified
 119              		.thumb
 120              		.thumb_func
 121              		.fpu fpv4-sp-d16
 123              	user_ai_get_filtered:
 124              		@ args = 0, pretend = 0, frame = 0
 125              		@ frame_needed = 0, uses_anonymous_args = 0
 126              		@ link register save eliminated.
 127 0000 00EB8000 		add	r0, r0, r0, lsl #2
 128 0004 024B     		ldr	r3, .L20
 129 0006 03EB4003 		add	r3, r3, r0, lsl #1
 130 000a 1889     		ldrh	r0, [r3, #8]
 131 000c 7047     		bx	lr
 132              	.L21:
 133 000e 00BF     		.align	2
 134              	.L20:
 135 0010 00000000 		.word	adc_results
 137              		.ident	"GCC: (GNU Tools for Arm Embedded Processors 8-2019-q3-update) 8.3.1 20190703 (release) [gc
