   1              		.cpu cortex-m4
   2              		.eabi_attribute 27, 1
   3              		.eabi_attribute 28, 1
   4              		.eabi_attribute 20, 1
   5              		.eabi_attribute 21, 1
   6              		.eabi_attribute 23, 3
   7              		.eabi_attribute 24, 1
   8              		.eabi_attribute 25, 1
   9              		.eabi_attribute 26, 1
  10              		.eabi_attribute 30, 1
  11              		.eabi_attribute 34, 1
  12              		.eabi_attribute 18, 4
  13              		.file	"user_api_uart.c"
  14              		.text
  15              		.section	.text.user_uart_send_buffer,"ax",%progbits
  16              		.align	1
  17              		.global	user_uart_send_buffer
  18              		.arch armv7e-m
  19              		.syntax unified
  20              		.thumb
  21              		.thumb_func
  22              		.fpu fpv4-sp-d16
  24              	user_uart_send_buffer:
  25              		@ args = 0, pretend = 0, frame = 0
  26              		@ frame_needed = 0, uses_anonymous_args = 0
  27 0000 08B5     		push	{r3, lr}
  28 0002 FFF7FEFF 		bl	sci_tx_send
  29 0006 08BD     		pop	{r3, pc}
  31              		.section	.text.user_uart_set_baudrate,"ax",%progbits
  32              		.align	1
  33              		.global	user_uart_set_baudrate
  34              		.syntax unified
  35              		.thumb
  36              		.thumb_func
  37              		.fpu fpv4-sp-d16
  39              	user_uart_set_baudrate:
  40              		@ args = 0, pretend = 0, frame = 0
  41              		@ frame_needed = 0, uses_anonymous_args = 0
  42 0000 08B5     		push	{r3, lr}
  43 0002 FFF7FEFF 		bl	sci_set_baudrate
  44 0006 08BD     		pop	{r3, pc}
  46              		.section	.text.user_uart_set_config_parameter,"ax",%progbits
  47              		.align	1
  48              		.global	user_uart_set_config_parameter
  49              		.syntax unified
  50              		.thumb
  51              		.thumb_func
  52              		.fpu fpv4-sp-d16
  54              	user_uart_set_config_parameter:
  55              		@ args = 0, pretend = 0, frame = 0
  56              		@ frame_needed = 0, uses_anonymous_args = 0
  57 0000 08B5     		push	{r3, lr}
  58 0002 FFF7FEFF 		bl	sci_set_config_parameter
  59 0006 08BD     		pop	{r3, pc}
  61              		.ident	"GCC: (GNU Tools for Arm Embedded Processors 8-2019-q3-update) 8.3.1 20190703 (release) [gc
